#
# There is insufficient memory for the Java Runtime Environment to continue.
# Native memory allocation (malloc) failed to allocate 2327696 bytes for Chunk::new
# Possible reasons:
#   The system is out of physical RAM or swap space
#   The process is running with CompressedOops enabled, and the Java Heap may be blocking the growth of the native heap
# Possible solutions:
#   Reduce memory load on the system
#   Increase physical memory or swap space
#   Check if swap backing store is full
#   Decrease Java heap size (-Xmx/-Xms)
#   Decrease number of Java threads
#   Decrease Java thread stack sizes (-Xss)
#   Set larger code cache with -XX:ReservedCodeCacheSize=
#   JVM is running with Unscaled Compressed Oops mode in which the Java heap is
#     placed in the first 4GB address space. The Java Heap base address is the
#     maximum limit for the native heap growth. Please use -XX:HeapBaseMinAddress
#     to set the Java Heap base and to place the Java Heap above 4GB virtual address.
# This output file may be truncated or incomplete.
#
#  Out of Memory Error (allocation.cpp:389), pid=10404, tid=0x000000000000255c
#
# JRE version: OpenJDK Runtime Environment (8.0_242-b01) (build 1.8.0_242-release-1644-b01)
# Java VM: OpenJDK 64-Bit Server VM (25.242-b01 mixed mode windows-amd64 compressed oops)
# Failed to write core dump. Minidumps are not enabled by default on client versions of Windows
#

---------------  T H R E A D  ---------------

Current thread (0x0000000019479000):  JavaThread "C2 CompilerThread2" daemon [_thread_in_native, id=9564, stack(0x0000000019f50000,0x000000001a050000)]

Stack: [0x0000000019f50000,0x000000001a050000]
[error occurred during error reporting (printing stack bounds), id 0xc0000005]

Native frames: (J=compiled Java code, j=interpreted, Vv=VM code, C=native code)


Current CompileTask:
C2:   7158 5790   !   4       java.net.URLClassLoader$1::run (63 bytes)


---------------  P R O C E S S  ---------------

Java Threads: ( => current thread )
  0x000000001c7e8800 JavaThread "Cache worker for execution history cache (C:\Users\Alex\AndroidStudioProjects\Mornhouse\.gradle\6.5\executionHistory)" [_thread_blocked, id=10868, stack(0x000000002d400000,0x000000002d500000)]
  0x000000001c7ef800 JavaThread "Execution worker for ':' Thread 7" [_thread_blocked, id=4552, stack(0x000000002d300000,0x000000002d400000)]
  0x000000001c7eb000 JavaThread "Execution worker for ':' Thread 6" [_thread_blocked, id=10428, stack(0x000000002d200000,0x000000002d300000)]
  0x000000001c7ef000 JavaThread "Execution worker for ':' Thread 5" [_thread_blocked, id=15780, stack(0x000000002d100000,0x000000002d200000)]
  0x000000001c7ec000 JavaThread "Execution worker for ':' Thread 4" [_thread_blocked, id=2612, stack(0x000000002d000000,0x000000002d100000)]
  0x000000001c7ed800 JavaThread "Execution worker for ':' Thread 3" [_thread_blocked, id=14864, stack(0x000000002bcc0000,0x000000002bdc0000)]
  0x000000001c7ee000 JavaThread "Execution worker for ':' Thread 2" [_thread_in_vm, id=11568, stack(0x000000002bbc0000,0x000000002bcc0000)]
  0x000000001c7ec800 JavaThread "Execution worker for ':'" [_thread_blocked, id=7344, stack(0x000000002bac0000,0x000000002bbc0000)]
  0x000000001c7ea800 JavaThread "Cache worker for file content cache (C:\Users\Alex\AndroidStudioProjects\Mornhouse\.gradle\6.5\fileContent)" [_thread_blocked, id=14144, stack(0x000000002b7c0000,0x000000002b8c0000)]
  0x000000001e7f7800 JavaThread "Memory manager" [_thread_blocked, id=2912, stack(0x000000002b270000,0x000000002b370000)]
  0x000000001e7f4800 JavaThread "Cache worker for Build Output Cleanup Cache (C:\Users\Alex\AndroidStudioProjects\Mornhouse\.gradle\buildOutputCleanup)" [_thread_blocked, id=8200, stack(0x00000000284d0000,0x00000000285d0000)]
  0x000000001e7f3800 JavaThread "jar transforms Thread 92" [_thread_blocked, id=11424, stack(0x000000002a770000,0x000000002a870000)]
  0x000000001e7f6800 JavaThread "jar transforms Thread 91" [_thread_blocked, id=3468, stack(0x000000002a670000,0x000000002a770000)]
  0x000000001e7f6000 JavaThread "jar transforms Thread 90" [_thread_blocked, id=13220, stack(0x000000002a570000,0x000000002a670000)]
  0x000000001e7f5000 JavaThread "jar transforms Thread 89" [_thread_blocked, id=7384, stack(0x000000002a470000,0x000000002a570000)]
  0x000000001e7f3000 JavaThread "jar transforms Thread 88" [_thread_blocked, id=8724, stack(0x000000002a370000,0x000000002a470000)]
  0x000000001e7eb000 JavaThread "jar transforms Thread 87" [_thread_blocked, id=10408, stack(0x000000002a270000,0x000000002a370000)]
  0x000000001e7f0800 JavaThread "jar transforms Thread 86" [_thread_blocked, id=7588, stack(0x000000002a170000,0x000000002a270000)]
  0x000000001e7ef000 JavaThread "jar transforms Thread 85" [_thread_blocked, id=1572, stack(0x000000002a070000,0x000000002a170000)]
  0x000000001e7f2000 JavaThread "jar transforms Thread 84" [_thread_blocked, id=9656, stack(0x0000000029f70000,0x000000002a070000)]
  0x000000001e7f1000 JavaThread "jar transforms Thread 83" [_thread_blocked, id=11140, stack(0x0000000029e70000,0x0000000029f70000)]
  0x000000001e7ed800 JavaThread "jar transforms Thread 82" [_thread_blocked, id=10656, stack(0x0000000029d70000,0x0000000029e70000)]
  0x000000001e7ef800 JavaThread "jar transforms Thread 81" [_thread_blocked, id=8248, stack(0x0000000029c70000,0x0000000029d70000)]
  0x000000001e7ee000 JavaThread "jar transforms Thread 80" [_thread_blocked, id=10568, stack(0x0000000029b70000,0x0000000029c70000)]
  0x000000001e7ec000 JavaThread "jar transforms Thread 79" [_thread_blocked, id=3764, stack(0x0000000029a70000,0x0000000029b70000)]
  0x000000001e7e9800 JavaThread "jar transforms Thread 78" [_thread_blocked, id=12028, stack(0x0000000029970000,0x0000000029a70000)]
  0x000000001e7ec800 JavaThread "jar transforms Thread 77" [_thread_blocked, id=4812, stack(0x0000000029870000,0x0000000029970000)]
  0x000000001e7e8000 JavaThread "jar transforms Thread 76" [_thread_blocked, id=15332, stack(0x0000000029770000,0x0000000029870000)]
  0x000000001e7e9000 JavaThread "jar transforms Thread 75" [_thread_blocked, id=6384, stack(0x0000000029670000,0x0000000029770000)]
  0x000000001e7ea800 JavaThread "jar transforms Thread 74" [_thread_blocked, id=9372, stack(0x0000000029570000,0x0000000029670000)]
  0x000000001fb7d000 JavaThread "jar transforms Thread 73" [_thread_blocked, id=7356, stack(0x0000000029470000,0x0000000029570000)]
  0x000000001fb7c800 JavaThread "jar transforms Thread 72" [_thread_blocked, id=15664, stack(0x0000000029370000,0x0000000029470000)]
  0x000000001fb7b000 JavaThread "jar transforms Thread 71" [_thread_blocked, id=2772, stack(0x0000000029270000,0x0000000029370000)]
  0x000000001fb7e000 JavaThread "jar transforms Thread 70" [_thread_blocked, id=8976, stack(0x0000000029170000,0x0000000029270000)]
  0x000000001fb7a000 JavaThread "jar transforms Thread 69" [_thread_blocked, id=2932, stack(0x0000000029070000,0x0000000029170000)]
  0x000000001fb7b800 JavaThread "jar transforms Thread 68" [_thread_blocked, id=4896, stack(0x0000000028f70000,0x0000000029070000)]
  0x000000001fb72800 JavaThread "jar transforms Thread 67" [_thread_blocked, id=11212, stack(0x0000000028e70000,0x0000000028f70000)]
  0x000000001fb79800 JavaThread "jar transforms Thread 66" [_thread_blocked, id=10884, stack(0x0000000028d70000,0x0000000028e70000)]
  0x000000001fb72000 JavaThread "jar transforms Thread 65" [_thread_blocked, id=10556, stack(0x0000000028c70000,0x0000000028d70000)]
  0x000000001fb78800 JavaThread "jar transforms Thread 64" [_thread_blocked, id=13404, stack(0x0000000028b70000,0x0000000028c70000)]
  0x000000001fb78000 JavaThread "jar transforms Thread 63" [_thread_blocked, id=15752, stack(0x0000000028a70000,0x0000000028b70000)]
  0x000000001fb75800 JavaThread "jar transforms Thread 62" [_thread_blocked, id=11592, stack(0x0000000028970000,0x0000000028a70000)]
  0x000000001fb77000 JavaThread "jar transforms Thread 61" [_thread_blocked, id=14520, stack(0x0000000028870000,0x0000000028970000)]
  0x000000001fb71000 JavaThread "jar transforms Thread 60" [_thread_blocked, id=13980, stack(0x0000000028770000,0x0000000028870000)]
  0x000000001fb76800 JavaThread "jar transforms Thread 59" [_thread_blocked, id=4244, stack(0x0000000028670000,0x0000000028770000)]
  0x000000001fb75000 JavaThread "jar transforms Thread 58" [_thread_blocked, id=13716, stack(0x00000000281d0000,0x00000000282d0000)]
  0x000000001fb6f000 JavaThread "jar transforms Thread 57" [_thread_blocked, id=3540, stack(0x00000000280d0000,0x00000000281d0000)]
  0x000000001fb74000 JavaThread "jar transforms Thread 56" [_thread_blocked, id=14328, stack(0x0000000027fd0000,0x00000000280d0000)]
  0x000000001fb6f800 JavaThread "jar transforms Thread 55" [_thread_blocked, id=4356, stack(0x0000000027ed0000,0x0000000027fd0000)]
  0x000000001fb70800 JavaThread "jar transforms Thread 54" [_thread_blocked, id=2504, stack(0x0000000027dd0000,0x0000000027ed0000)]
  0x000000001fb73800 JavaThread "jar transforms Thread 53" [_thread_blocked, id=12956, stack(0x0000000027cd0000,0x0000000027dd0000)]
  0x000000001fb6b000 JavaThread "jar transforms Thread 52" [_thread_blocked, id=5280, stack(0x0000000027bd0000,0x0000000027cd0000)]
  0x000000001fb6a000 JavaThread "jar transforms Thread 51" [_thread_blocked, id=7352, stack(0x0000000027ad0000,0x0000000027bd0000)]
  0x000000001fb68800 JavaThread "jar transforms Thread 50" [_thread_blocked, id=7316, stack(0x00000000279d0000,0x0000000027ad0000)]
  0x000000001fb6b800 JavaThread "jar transforms Thread 49" [_thread_blocked, id=9648, stack(0x00000000278d0000,0x00000000279d0000)]
  0x000000001fb6d000 JavaThread "jar transforms Thread 48" [_thread_blocked, id=12500, stack(0x00000000277d0000,0x00000000278d0000)]
  0x000000001fb69800 JavaThread "jar transforms Thread 47" [_thread_blocked, id=11912, stack(0x00000000276d0000,0x00000000277d0000)]
  0x000000001fb6c800 JavaThread "jar transforms Thread 46" [_thread_blocked, id=2432, stack(0x00000000275d0000,0x00000000276d0000)]
  0x000000001fb68000 JavaThread "jar transforms Thread 45" [_thread_blocked, id=9580, stack(0x00000000274d0000,0x00000000275d0000)]
  0x000000001fb6e000 JavaThread "jar transforms Thread 44" [_thread_blocked, id=11284, stack(0x00000000273d0000,0x00000000274d0000)]
  0x000000001fb60800 JavaThread "jar transforms Thread 43" [_thread_blocked, id=7456, stack(0x00000000272d0000,0x00000000273d0000)]
  0x000000001fb63800 JavaThread "jar transforms Thread 42" [_thread_blocked, id=16172, stack(0x00000000271d0000,0x00000000272d0000)]
  0x000000001fb66800 JavaThread "jar transforms Thread 41" [_thread_blocked, id=2928, stack(0x00000000270d0000,0x00000000271d0000)]
  0x000000001fb64000 JavaThread "jar transforms Thread 40" [_thread_blocked, id=11136, stack(0x0000000026fd0000,0x00000000270d0000)]
  0x000000001fb65800 JavaThread "jar transforms Thread 39" [_thread_blocked, id=3596, stack(0x0000000026ed0000,0x0000000026fd0000)]
  0x000000001fb67000 JavaThread "jar transforms Thread 38" [_thread_blocked, id=13596, stack(0x0000000026dd0000,0x0000000026ed0000)]
  0x000000001fb62000 JavaThread "jar transforms Thread 37" [_thread_blocked, id=5608, stack(0x0000000026cd0000,0x0000000026dd0000)]
  0x000000001fb5f000 JavaThread "jar transforms Thread 36" [_thread_blocked, id=9416, stack(0x0000000026bd0000,0x0000000026cd0000)]
  0x000000001fb65000 JavaThread "jar transforms Thread 35" [_thread_blocked, id=14820, stack(0x0000000026ad0000,0x0000000026bd0000)]
  0x000000001fb62800 JavaThread "jar transforms Thread 34" [_thread_blocked, id=7980, stack(0x00000000269d0000,0x0000000026ad0000)]
  0x000000001fb61000 JavaThread "jar transforms Thread 33" [_thread_blocked, id=10012, stack(0x00000000268d0000,0x00000000269d0000)]
  0x000000001fb5f800 JavaThread "jar transforms Thread 32" [_thread_blocked, id=10608, stack(0x00000000267d0000,0x00000000268d0000)]
  0x000000001e9af000 JavaThread "jar transforms Thread 31" [_thread_blocked, id=3428, stack(0x00000000266d0000,0x00000000267d0000)]
  0x000000001e9ae800 JavaThread "jar transforms Thread 30" [_thread_blocked, id=6872, stack(0x00000000265d0000,0x00000000266d0000)]
  0x000000001e9ac000 JavaThread "jar transforms Thread 29" [_thread_blocked, id=15860, stack(0x00000000264d0000,0x00000000265d0000)]
  0x000000001e9ab800 JavaThread "jar transforms Thread 28" [_thread_blocked, id=908, stack(0x00000000261d0000,0x00000000262d0000)]
  0x000000001e9ad800 JavaThread "jar transforms Thread 27" [_thread_blocked, id=11888, stack(0x00000000260d0000,0x00000000261d0000)]
  0x000000001e9ad000 JavaThread "jar transforms Thread 26" [_thread_blocked, id=14004, stack(0x0000000025fd0000,0x00000000260d0000)]
  0x000000001e9a3800 JavaThread "jar transforms Thread 25" [_thread_blocked, id=2736, stack(0x0000000025ed0000,0x0000000025fd0000)]
  0x000000001e9a9000 JavaThread "jar transforms Thread 24" [_thread_blocked, id=1696, stack(0x0000000025dd0000,0x0000000025ed0000)]
  0x000000001e9aa800 JavaThread "jar transforms Thread 23" [_thread_blocked, id=14700, stack(0x0000000025cd0000,0x0000000025dd0000)]
  0x000000001e9a6800 JavaThread "jar transforms Thread 22" [_thread_blocked, id=4472, stack(0x0000000025bd0000,0x0000000025cd0000)]
  0x000000001e9aa000 JavaThread "jar transforms Thread 21" [_thread_blocked, id=3360, stack(0x0000000025ad0000,0x0000000025bd0000)]
  0x000000001e9a5000 JavaThread "jar transforms Thread 20" [_thread_blocked, id=1372, stack(0x00000000259d0000,0x0000000025ad0000)]
  0x000000001e9a4800 JavaThread "jar transforms Thread 19" [_thread_blocked, id=8848, stack(0x00000000258d0000,0x00000000259d0000)]
  0x000000001e9a6000 JavaThread "jar transforms Thread 18" [_thread_blocked, id=10068, stack(0x00000000257d0000,0x00000000258d0000)]
  0x000000001e9a1800 JavaThread "jar transforms Thread 17" [_thread_blocked, id=13196, stack(0x00000000256d0000,0x00000000257d0000)]
  0x000000001e9a8800 JavaThread "jar transforms Thread 16" [_thread_blocked, id=1692, stack(0x00000000255d0000,0x00000000256d0000)]
  0x000000001e9a7800 JavaThread "jar transforms Thread 15" [_thread_blocked, id=14400, stack(0x00000000254d0000,0x00000000255d0000)]
  0x000000001e9a0800 JavaThread "jar transforms Thread 14" [_thread_blocked, id=8596, stack(0x00000000253d0000,0x00000000254d0000)]
  0x000000001e9a3000 JavaThread "jar transforms Thread 13" [_thread_blocked, id=8984, stack(0x00000000252d0000,0x00000000253d0000)]
  0x000000001e9a0000 JavaThread "jar transforms Thread 12" [_thread_blocked, id=2200, stack(0x00000000251d0000,0x00000000252d0000)]
  0x000000001e9a2000 JavaThread "jar transforms Thread 11" [_thread_blocked, id=15900, stack(0x00000000250d0000,0x00000000251d0000)]
  0x000000001c052000 JavaThread "jar transforms Thread 10" [_thread_blocked, id=5276, stack(0x0000000024fd0000,0x00000000250d0000)]
  0x000000001c059000 JavaThread "jar transforms Thread 9" [_thread_blocked, id=13392, stack(0x0000000024ed0000,0x0000000024fd0000)]
  0x000000001c051800 JavaThread "jar transforms Thread 8" [_thread_blocked, id=4128, stack(0x0000000024dd0000,0x0000000024ed0000)]
  0x000000001c058000 JavaThread "jar transforms Thread 7" [_thread_blocked, id=9700, stack(0x0000000024cd0000,0x0000000024dd0000)]
  0x000000001c054800 JavaThread "jar transforms Thread 6" [_thread_blocked, id=12748, stack(0x0000000024bd0000,0x0000000024cd0000)]
  0x000000001c057800 JavaThread "jar transforms Thread 5" [_thread_blocked, id=3340, stack(0x0000000024ad0000,0x0000000024bd0000)]
  0x000000001c056000 JavaThread "jar transforms Thread 4" [_thread_blocked, id=10168, stack(0x00000000249d0000,0x0000000024ad0000)]
  0x000000001c056800 JavaThread "jar transforms Thread 3" [_thread_blocked, id=7624, stack(0x00000000248d0000,0x00000000249d0000)]
  0x000000001c053000 JavaThread "jar transforms Thread 2" [_thread_blocked, id=3244, stack(0x00000000247d0000,0x00000000248d0000)]
  0x000000001c053800 JavaThread "Build operations Thread 8" [_thread_blocked, id=15280, stack(0x00000000246d0000,0x00000000247d0000)]
  0x000000001c055000 JavaThread "Build operations Thread 7" [_thread_blocked, id=11560, stack(0x00000000245d0000,0x00000000246d0000)]
  0x000000001c049800 JavaThread "Build operations Thread 6" [_thread_blocked, id=3336, stack(0x00000000243d0000,0x00000000244d0000)]
  0x000000001c050800 JavaThread "Build operations Thread 5" [_thread_blocked, id=12736, stack(0x00000000242d0000,0x00000000243d0000)]
  0x000000001c04e800 JavaThread "Build operations Thread 4" [_thread_blocked, id=10740, stack(0x00000000241d0000,0x00000000242d0000)]
  0x000000001c050000 JavaThread "Build operations Thread 3" [_thread_blocked, id=12304, stack(0x00000000240d0000,0x00000000241d0000)]
  0x000000001c04d800 JavaThread "Build operations Thread 2" [_thread_in_vm, id=3188, stack(0x0000000023fd0000,0x00000000240d0000)]
  0x000000001c04f000 JavaThread "Build operations" [_thread_in_vm, id=1000, stack(0x0000000022a90000,0x0000000022b90000)]
  0x000000001befb800 JavaThread "Cache worker for file content cache (C:\Users\Alex\.gradle\caches\6.5\fileContent)" [_thread_blocked, id=9732, stack(0x0000000022790000,0x0000000022890000)]
  0x000000001befd000 JavaThread "jar transforms" [_thread_blocked, id=15756, stack(0x0000000022290000,0x0000000022390000)]
  0x000000001bef8000 JavaThread "Cache worker for execution history cache (C:\Users\Alex\.gradle\caches\6.5\executionHistory)" [_thread_blocked, id=12544, stack(0x0000000021f90000,0x0000000022090000)]
  0x000000001befb000 JavaThread "Cache worker for cache directory md-rule (C:\Users\Alex\.gradle\caches\6.5\md-rule)" [_thread_blocked, id=9396, stack(0x0000000020bf0000,0x0000000020cf0000)]
  0x000000001befc800 JavaThread "Cache worker for cache directory md-supplier (C:\Users\Alex\.gradle\caches\6.5\md-supplier)" [_thread_blocked, id=3448, stack(0x0000000020730000,0x0000000020830000)]
  0x000000001bef9800 JavaThread "Cache worker for checksums cache (C:\Users\Alex\AndroidStudioProjects\Mornhouse\.gradle\checksums)" [_thread_blocked, id=14624, stack(0x0000000020630000,0x0000000020730000)]
  0x000000001bef7000 JavaThread "Cache worker for file hash cache (C:\Users\Alex\AndroidStudioProjects\Mornhouse\.gradle\6.5\fileHashes)" [_thread_blocked, id=16232, stack(0x00000000208e0000,0x00000000209e0000)]
  0x000000001bef8800 JavaThread "Cache worker for file hash cache (C:\Users\Alex\.gradle\caches\6.5\fileHashes)" [_thread_blocked, id=1052, stack(0x000000001e390000,0x000000001e490000)]
  0x000000001bef6800 JavaThread "File lock request listener" [_thread_in_native, id=9352, stack(0x000000001e290000,0x000000001e390000)]
  0x000000001bfd9800 JavaThread "Cache worker for journal cache (C:\Users\Alex\.gradle\caches\journal-1)" [_thread_blocked, id=11088, stack(0x000000001e190000,0x000000001e290000)]
  0x000000001a542800 JavaThread "Thread-9" [_thread_blocked, id=11240, stack(0x000000001de90000,0x000000001df90000)]
  0x000000001a540000 JavaThread "Stdin handler" [_thread_blocked, id=14900, stack(0x000000001dd90000,0x000000001de90000)]
  0x000000001b134000 JavaThread "Asynchronous log dispatcher for DefaultDaemonConnection: socket connection from /127.0.0.1:61926 to /127.0.0.1:61927" [_thread_blocked, id=9752, stack(0x000000001dc90000,0x000000001dd90000)]
  0x000000001b0c7800 JavaThread "Daemon worker" [_thread_blocked, id=10116, stack(0x000000001db90000,0x000000001dc90000)]
  0x000000001b0c7000 JavaThread "Cancel handler" [_thread_blocked, id=5352, stack(0x000000001da90000,0x000000001db90000)]
  0x000000001be4f800 JavaThread "Handler for socket connection from /127.0.0.1:61926 to /127.0.0.1:61927" [_thread_in_native, id=540, stack(0x000000001d990000,0x000000001da90000)]
  0x000000001be4d800 JavaThread "Daemon" [_thread_blocked, id=2172, stack(0x000000001d690000,0x000000001d790000)]
  0x000000001be43000 JavaThread "Daemon periodic checks" [_thread_blocked, id=7908, stack(0x000000001d590000,0x000000001d690000)]
  0x000000001bdeb800 JavaThread "Incoming local TCP Connector on port 61926" [_thread_in_native, id=4332, stack(0x000000001d330000,0x000000001d430000)]
  0x000000001bdad800 JavaThread "Daemon health stats" [_thread_blocked, id=5224, stack(0x000000001ccf0000,0x000000001cdf0000)]
  0x0000000019501800 JavaThread "Service Thread" daemon [_thread_blocked, id=13176, stack(0x000000001a150000,0x000000001a250000)]
  0x000000001947f000 JavaThread "C1 CompilerThread3" daemon [_thread_blocked, id=5900, stack(0x000000001a050000,0x000000001a150000)]
=>0x0000000019479000 JavaThread "C2 CompilerThread2" daemon [_thread_in_native, id=9564, stack(0x0000000019f50000,0x000000001a050000)]
  0x0000000019472800 JavaThread "C2 CompilerThread1" daemon [_thread_in_native, id=14580, stack(0x0000000019e50000,0x0000000019f50000)]
  0x000000001946f800 JavaThread "C2 CompilerThread0" daemon [_thread_in_native, id=4272, stack(0x0000000019d50000,0x0000000019e50000)]
  0x000000001946f000 JavaThread "Attach Listener" daemon [_thread_blocked, id=4708, stack(0x0000000019c50000,0x0000000019d50000)]
  0x000000001946e000 JavaThread "Signal Dispatcher" daemon [_thread_blocked, id=12888, stack(0x0000000019b50000,0x0000000019c50000)]
  0x0000000019461000 JavaThread "Finalizer" daemon [_thread_blocked, id=4796, stack(0x0000000019940000,0x0000000019a40000)]
  0x0000000019460800 JavaThread "Reference Handler" daemon [_thread_blocked, id=2236, stack(0x0000000019840000,0x0000000019940000)]
  0x0000000000abd800 JavaThread "main" [_thread_blocked, id=10176, stack(0x0000000002310000,0x0000000002410000)]

Other Threads:
  0x0000000017648000 VMThread [stack: 0x0000000019340000,0x0000000019440000] [id=4260]
  0x0000000019503000 WatcherThread [stack: 0x000000001a250000,0x000000001a350000] [id=10440]

VM state:synchronizing (normal execution)

VM Mutex/Monitor currently owned by a thread:  ([mutex/lock_event])
[0x0000000000abc6f0] Safepoint_lock - owner thread: 0x0000000017648000
[0x0000000000abcef0] Threads_lock - owner thread: 0x0000000017648000

heap address: 0x0000000080000000, size: 2048 MB, Compressed Oops mode: 32-bit
Narrow klass base: 0x0000000000000000, Narrow klass shift: 3
Compressed class space size: 1073741824 Address: 0x0000000100000000

Heap:
 PSYoungGen      total 235008K, used 102567K [0x00000000d5580000, 0x00000000e5f80000, 0x0000000100000000)
  eden space 214528K, 47% used [0x00000000d5580000,0x00000000db9a9ce8,0x00000000e2700000)
  from space 20480K, 0% used [0x00000000e3b00000,0x00000000e3b00000,0x00000000e4f00000)
  to   space 20480K, 0% used [0x00000000e2700000,0x00000000e2700000,0x00000000e3b00000)
 ParOldGen       total 113664K, used 31761K [0x0000000080000000, 0x0000000086f00000, 0x00000000d5580000)
  object space 113664K, 27% used [0x0000000080000000,0x0000000081f04758,0x0000000086f00000)
 Metaspace       used 62927K, capacity 66036K, committed 66344K, reserved 1105920K
  class space    used 8774K, capacity 9395K, committed 9520K, reserved 1048576K

Card table byte_map: [0x00000000119a0000,0x0000000011db0000] byte_map_base: 0x00000000115a0000

Marking Bits: (ParMarkBitMap*) 0x0000000068eaf030
 Begin Bits: [0x0000000012860000, 0x0000000014860000)
 End Bits:   [0x0000000014860000, 0x0000000016860000)

Polling page: 0x0000000000a80000

CodeCache: size=245760Kb used=17966Kb max_used=18215Kb free=227793Kb
 bounds [0x00000000025e0000, 0x00000000037c0000, 0x00000000115e0000]
 total_blobs=6111 nmethods=5324 adapters=699
 compilation: enabled

Compilation events (10 events):
Event: 7.146 Thread 0x000000001947f000 6131       2       java.lang.Long::equals (30 bytes)
Event: 7.147 Thread 0x0000000019472800 nmethod 5983 0x00000000037b9390 code [0x00000000037b9520, 0x00000000037b9b58]
Event: 7.147 Thread 0x000000001947f000 nmethod 6131 0x00000000037aaf50 code [0x00000000037ab0a0, 0x00000000037ab2b0]
Event: 7.147 Thread 0x000000001947f000 6130       1       org.gradle.execution.plan.Node::allDependenciesComplete (5 bytes)
Event: 7.147 Thread 0x000000001947f000 nmethod 6130 0x00000000037aac90 code [0x00000000037aade0, 0x00000000037aaef0]
Event: 7.147 Thread 0x000000001947f000 6132       1       java.util.Spliterators$EmptySpliterator::characteristics (4 bytes)
Event: 7.147 Thread 0x0000000019472800 5987       4       com.sun.org.apache.xerces.internal.dom.ParentNode::nodeListItem (226 bytes)
Event: 7.147 Thread 0x000000001947f000 nmethod 6132 0x00000000037aa9d0 code [0x00000000037aab20, 0x00000000037aac30]
Event: 7.147 Thread 0x000000001947f000 6133       1       org.gradle.internal.work.DefaultWorkerLeaseService::access$700 (5 bytes)
Event: 7.147 Thread 0x000000001947f000 nmethod 6133 0x00000000037aa710 code [0x00000000037aa860, 0x00000000037aa950]

GC Heap History (10 events):
Event: 3.477 GC heap before
{Heap before GC invocations=11 (full 2):
 PSYoungGen      total 138240K, used 11246K [0x00000000d5580000, 0x00000000e1b80000, 0x0000000100000000)
  eden space 126976K, 0% used [0x00000000d5580000,0x00000000d5580000,0x00000000dd180000)
  from space 11264K, 99% used [0x00000000dd180000,0x00000000ddc7bbe8,0x00000000ddc80000)
  to   space 13824K, 0% used [0x00000000e0e00000,0x00000000e0e00000,0x00000000e1b80000)
 ParOldGen       total 48640K, used 8588K [0x0000000080000000, 0x0000000082f80000, 0x00000000d5580000)
  object space 48640K, 17% used [0x0000000080000000,0x0000000080863358,0x0000000082f80000)
 Metaspace       used 34224K, capacity 35442K, committed 35496K, reserved 1079296K
  class space    used 4713K, capacity 5028K, committed 5040K, reserved 1048576K
Event: 3.546 GC heap after
Heap after GC invocations=11 (full 2):
 PSYoungGen      total 138240K, used 0K [0x00000000d5580000, 0x00000000e1b80000, 0x0000000100000000)
  eden space 126976K, 0% used [0x00000000d5580000,0x00000000d5580000,0x00000000dd180000)
  from space 11264K, 0% used [0x00000000dd180000,0x00000000dd180000,0x00000000ddc80000)
  to   space 13824K, 0% used [0x00000000e0e00000,0x00000000e0e00000,0x00000000e1b80000)
 ParOldGen       total 77824K, used 19111K [0x0000000080000000, 0x0000000084c00000, 0x00000000d5580000)
  object space 77824K, 24% used [0x0000000080000000,0x00000000812a9ef0,0x0000000084c00000)
 Metaspace       used 34224K, capacity 35442K, committed 35496K, reserved 1079296K
  class space    used 4713K, capacity 5028K, committed 5040K, reserved 1048576K
}
Event: 4.317 GC heap before
{Heap before GC invocations=12 (full 2):
 PSYoungGen      total 138240K, used 126976K [0x00000000d5580000, 0x00000000e1b80000, 0x0000000100000000)
  eden space 126976K, 100% used [0x00000000d5580000,0x00000000dd180000,0x00000000dd180000)
  from space 11264K, 0% used [0x00000000dd180000,0x00000000dd180000,0x00000000ddc80000)
  to   space 13824K, 0% used [0x00000000e0e00000,0x00000000e0e00000,0x00000000e1b80000)
 ParOldGen       total 77824K, used 19111K [0x0000000080000000, 0x0000000084c00000, 0x00000000d5580000)
  object space 77824K, 24% used [0x0000000080000000,0x00000000812a9ef0,0x0000000084c00000)
 Metaspace       used 39120K, capacity 41002K, committed 41256K, reserved 1085440K
  class space    used 5421K, capacity 5837K, committed 5936K, reserved 1048576K
Event: 4.324 GC heap after
Heap after GC invocations=12 (full 2):
 PSYoungGen      total 175616K, used 9618K [0x00000000d5580000, 0x00000000e1780000, 0x0000000100000000)
  eden space 165888K, 0% used [0x00000000d5580000,0x00000000d5580000,0x00000000df780000)
  from space 9728K, 98% used [0x00000000e0e00000,0x00000000e1764a90,0x00000000e1780000)
  to   space 13824K, 0% used [0x00000000dfc80000,0x00000000dfc80000,0x00000000e0a00000)
 ParOldGen       total 77824K, used 19119K [0x0000000080000000, 0x0000000084c00000, 0x00000000d5580000)
  object space 77824K, 24% used [0x0000000080000000,0x00000000812abef0,0x0000000084c00000)
 Metaspace       used 39120K, capacity 41002K, committed 41256K, reserved 1085440K
  class space    used 5421K, capacity 5837K, committed 5936K, reserved 1048576K
}
Event: 5.802 GC heap before
{Heap before GC invocations=13 (full 2):
 PSYoungGen      total 175616K, used 175506K [0x00000000d5580000, 0x00000000e1780000, 0x0000000100000000)
  eden space 165888K, 100% used [0x00000000d5580000,0x00000000df780000,0x00000000df780000)
  from space 9728K, 98% used [0x00000000e0e00000,0x00000000e1764a90,0x00000000e1780000)
  to   space 13824K, 0% used [0x00000000dfc80000,0x00000000dfc80000,0x00000000e0a00000)
 ParOldGen       total 77824K, used 19119K [0x0000000080000000, 0x0000000084c00000, 0x00000000d5580000)
  object space 77824K, 24% used [0x0000000080000000,0x00000000812abef0,0x0000000084c00000)
 Metaspace       used 55359K, capacity 57654K, committed 57768K, reserved 1099776K
  class space    used 7562K, capacity 8072K, committed 8112K, reserved 1048576K
Event: 5.836 GC heap after
Heap after GC invocations=13 (full 2):
 PSYoungGen      total 184832K, used 13804K [0x00000000d5580000, 0x00000000e4f00000, 0x0000000100000000)
  eden space 171008K, 0% used [0x00000000d5580000,0x00000000d5580000,0x00000000dfc80000)
  from space 13824K, 99% used [0x00000000dfc80000,0x00000000e09fb330,0x00000000e0a00000)
  to   space 20480K, 0% used [0x00000000e3b00000,0x00000000e3b00000,0x00000000e4f00000)
 ParOldGen       total 77824K, used 31820K [0x0000000080000000, 0x0000000084c00000, 0x00000000d5580000)
  object space 77824K, 40% used [0x0000000080000000,0x0000000081f130f0,0x0000000084c00000)
 Metaspace       used 55359K, capacity 57654K, committed 57768K, reserved 1099776K
  class space    used 7562K, capacity 8072K, committed 8112K, reserved 1048576K
}
Event: 6.009 GC heap before
{Heap before GC invocations=14 (full 2):
 PSYoungGen      total 184832K, used 35091K [0x00000000d5580000, 0x00000000e4f00000, 0x0000000100000000)
  eden space 171008K, 12% used [0x00000000d5580000,0x00000000d6a498e8,0x00000000dfc80000)
  from space 13824K, 99% used [0x00000000dfc80000,0x00000000e09fb330,0x00000000e0a00000)
  to   space 20480K, 0% used [0x00000000e3b00000,0x00000000e3b00000,0x00000000e4f00000)
 ParOldGen       total 77824K, used 31820K [0x0000000080000000, 0x0000000084c00000, 0x00000000d5580000)
  object space 77824K, 40% used [0x0000000080000000,0x0000000081f130f0,0x0000000084c00000)
 Metaspace       used 56605K, capacity 59068K, committed 59160K, reserved 1099776K
  class space    used 7770K, capacity 8301K, committed 8368K, reserved 1048576K
Event: 6.026 GC heap after
Heap after GC invocations=14 (full 2):
 PSYoungGen      total 235008K, used 2016K [0x00000000d5580000, 0x00000000e5f80000, 0x0000000100000000)
  eden space 214528K, 0% used [0x00000000d5580000,0x00000000d5580000,0x00000000e2700000)
  from space 20480K, 9% used [0x00000000e3b00000,0x00000000e3cf8000,0x00000000e4f00000)
  to   space 20480K, 0% used [0x00000000e2700000,0x00000000e2700000,0x00000000e3b00000)
 ParOldGen       total 77824K, used 45495K [0x0000000080000000, 0x0000000084c00000, 0x00000000d5580000)
  object space 77824K, 58% used [0x0000000080000000,0x0000000082c6de18,0x0000000084c00000)
 Metaspace       used 56605K, capacity 59068K, committed 59160K, reserved 1099776K
  class space    used 7770K, capacity 8301K, committed 8368K, reserved 1048576K
}
Event: 6.026 GC heap before
{Heap before GC invocations=15 (full 3):
 PSYoungGen      total 235008K, used 2016K [0x00000000d5580000, 0x00000000e5f80000, 0x0000000100000000)
  eden space 214528K, 0% used [0x00000000d5580000,0x00000000d5580000,0x00000000e2700000)
  from space 20480K, 9% used [0x00000000e3b00000,0x00000000e3cf8000,0x00000000e4f00000)
  to   space 20480K, 0% used [0x00000000e2700000,0x00000000e2700000,0x00000000e3b00000)
 ParOldGen       total 77824K, used 45495K [0x0000000080000000, 0x0000000084c00000, 0x00000000d5580000)
  object space 77824K, 58% used [0x0000000080000000,0x0000000082c6de18,0x0000000084c00000)
 Metaspace       used 56605K, capacity 59068K, committed 59160K, reserved 1099776K
  class space    used 7770K, capacity 8301K, committed 8368K, reserved 1048576K
Event: 6.153 GC heap after
Heap after GC invocations=15 (full 3):
 PSYoungGen      total 235008K, used 0K [0x00000000d5580000, 0x00000000e5f80000, 0x0000000100000000)
  eden space 214528K, 0% used [0x00000000d5580000,0x00000000d5580000,0x00000000e2700000)
  from space 20480K, 0% used [0x00000000e3b00000,0x00000000e3b00000,0x00000000e4f00000)
  to   space 20480K, 0% used [0x00000000e2700000,0x00000000e2700000,0x00000000e3b00000)
 ParOldGen       total 113664K, used 31761K [0x0000000080000000, 0x0000000086f00000, 0x00000000d5580000)
  object space 113664K, 27% used [0x0000000080000000,0x0000000081f04758,0x0000000086f00000)
 Metaspace       used 56559K, capacity 58912K, committed 59160K, reserved 1099776K
  class space    used 7756K, capacity 8275K, committed 8368K, reserved 1048576K
}

Deoptimization events (10 events):
Event: 6.977 Thread 0x000000001c7ee000 Uncommon trap: reason=unstable_if action=reinterpret pc=0x0000000002ffc40c method=java.util.concurrent.ConcurrentHashMap.addCount(JI)V @ 97
Event: 6.990 Thread 0x000000001c04f000 Uncommon trap: reason=class_check action=maybe_recompile pc=0x0000000002cf87a8 method=com.google.common.io.CountingInputStream.read([BII)I @ 7
Event: 6.990 Thread 0x000000001c7ee000 Uncommon trap: reason=class_check action=maybe_recompile pc=0x0000000002cf87a8 method=com.google.common.io.CountingInputStream.read([BII)I @ 7
Event: 6.998 Thread 0x000000001c7ee000 Uncommon trap: reason=unstable_if action=reinterpret pc=0x0000000002a6e608 method=com.sun.org.apache.xerces.internal.util.SymbolTable.addSymbol([CII)Ljava/lang/String; @ 64
Event: 7.002 Thread 0x000000001c04f000 Uncommon trap: reason=class_check action=maybe_recompile pc=0x0000000002cf87a8 method=com.google.common.io.CountingInputStream.read([BII)I @ 7
Event: 7.002 Thread 0x000000001c7ee000 Uncommon trap: reason=class_check action=maybe_recompile pc=0x0000000002cf87a8 method=com.google.common.io.CountingInputStream.read([BII)I @ 7
Event: 7.075 Thread 0x000000001c7ee000 Uncommon trap: reason=unstable_if action=reinterpret pc=0x00000000034da254 method=java.util.concurrent.ConcurrentHashMap.addCount(JI)V @ 97
Event: 7.110 Thread 0x000000001c7ee000 Uncommon trap: reason=unstable_if action=reinterpret pc=0x0000000003135cf8 method=com.esotericsoftware.kryo.io.Input.require(I)I @ 65
Event: 7.143 Thread 0x000000001c7ec000 Uncommon trap: reason=unstable_if action=reinterpret pc=0x000000000373d65c method=java.util.HashMap$HashIterator.<init>(Ljava/util/HashMap;)V @ 45
Event: 7.145 Thread 0x000000001c7eb000 Uncommon trap: reason=unstable_if action=reinterpret pc=0x0000000002c211cc method=java.util.HashMap$HashIterator.<init>(Ljava/util/HashMap;)V @ 45

Classes redefined (0 events):
No events

Internal exceptions (10 events):
Event: 7.137 Thread 0x000000001c055000 Exception <a 'java/lang/NoSuchMethodError': java.lang.Object.lambda$identity$2(Ljava/lang/Object;)Ljava/lang/Object;> (0x00000000db5b9750) thrown at [C:\src\AOSP-openjdk-git\hotspot\src\share\vm\interpreter\linkResolver.cpp, line 620]
Event: 7.137 Thread 0x000000001c04d800 Exception <a 'java/lang/NoSuchMethodError': java.lang.Object.lambda$identity$2(Ljava/lang/Object;)Ljava/lang/Object;> (0x00000000db01c8d0) thrown at [C:\src\AOSP-openjdk-git\hotspot\src\share\vm\interpreter\linkResolver.cpp, line 620]
Event: 7.144 Thread 0x000000001c055000 Exception <a 'java/lang/NoSuchMethodError': java.lang.Object.lambda$flatMap$1(Ljava/util/function/Function;Lorg/gradle/internal/Try;)Lorg/gradle/api/internal/artifacts/transform/CacheableInvocation;> (0x00000000db5df4c8) thrown at [C:\src\AOSP-openjdk-git
Event: 7.144 Thread 0x000000001c053800 Exception <a 'java/lang/NoSuchMethodError': java.lang.Object.lambda$flatMap$1(Ljava/util/function/Function;Lorg/gradle/internal/Try;)Lorg/gradle/api/internal/artifacts/transform/CacheableInvocation;> (0x00000000db4ca270) thrown at [C:\src\AOSP-openjdk-git
Event: 7.144 Thread 0x000000001c055000 Exception <a 'java/lang/NoSuchMethodError': java.lang.Object.lambda$flatMap$4(Ljava/util/function/Function;)Lorg/gradle/api/internal/artifacts/transform/CacheableInvocation;> (0x00000000db5e38f8) thrown at [C:\src\AOSP-openjdk-git\hotspot\src\share\vm\int
Event: 7.144 Thread 0x000000001c053800 Exception <a 'java/lang/NoSuchMethodError': java.lang.Object.lambda$flatMap$4(Ljava/util/function/Function;)Lorg/gradle/api/internal/artifacts/transform/CacheableInvocation;> (0x00000000db4cde78) thrown at [C:\src\AOSP-openjdk-git\hotspot\src\share\vm\int
Event: 7.144 Thread 0x000000001c04f000 Exception <a 'java/lang/NoSuchMethodError': java.lang.Object.lambda$flatMap$3(Ljava/util/function/Function;)Lorg/gradle/internal/Try;> (0x00000000db690088) thrown at [C:\src\AOSP-openjdk-git\hotspot\src\share\vm\interpreter\linkResolver.cpp, line 620]
Event: 7.144 Thread 0x000000001c04e800 Exception <a 'java/lang/NoSuchMethodError': java.lang.Object.lambda$flatMap$3(Ljava/util/function/Function;)Lorg/gradle/internal/Try;> (0x00000000db4595b0) thrown at [C:\src\AOSP-openjdk-git\hotspot\src\share\vm\interpreter\linkResolver.cpp, line 620]
Event: 7.144 Thread 0x000000001c050800 Exception <a 'java/lang/NoSuchMethodError': java.lang.Object.lambda$flatMap$4(Ljava/util/function/Function;)Lorg/gradle/api/internal/artifacts/transform/CacheableInvocation;> (0x00000000db622bc0) thrown at [C:\src\AOSP-openjdk-git\hotspot\src\share\vm\int
Event: 7.144 Thread 0x000000001c053800 Exception <a 'java/lang/NoSuchMethodError': java.lang.Object.lambda$flatMap$3(Ljava/util/function/Function;)Lorg/gradle/internal/Try;> (0x00000000db4d1bb8) thrown at [C:\src\AOSP-openjdk-git\hotspot\src\share\vm\interpreter\linkResolver.cpp, line 620]

Events (10 events):
Event: 7.147 loading class org/gradle/api/internal/artifacts/transform/TransformingAsyncArtifactListener
Event: 7.147 loading class org/gradle/api/internal/artifacts/transform/TransformingAsyncArtifactListener done
Event: 7.148 loading class org/gradle/api/internal/artifacts/transform/TransformationOperation
Event: 7.148 loading class org/gradle/api/internal/artifacts/transform/TransformationOperation done
Event: 7.148 loading class org/gradle/internal/Try
Event: 7.148 loading class org/gradle/internal/Try done
Event: 7.148 Executing VM operation: RevokeBias
Event: 7.148 Executing VM operation: RevokeBias done
Event: 7.148 loading class org/gradle/api/internal/artifacts/transform/TransformingAsyncArtifactListener
Event: 7.148 loading class org/gradle/api/internal/artifacts/transform/TransformingAsyncArtifactListener done


Dynamic libraries:
0x00007ff7fcaa0000 - 0x00007ff7fcad1000 	C:\Program Files\Android\Android Studio\jre\bin\java.exe
0x00007ffecf4a0000 - 0x00007ffecf6a7000 	C:\WINDOWS\SYSTEM32\ntdll.dll
0x00007ffecebd0000 - 0x00007ffecec8d000 	C:\WINDOWS\System32\KERNEL32.DLL
0x00007ffeccb70000 - 0x00007ffeccee4000 	C:\WINDOWS\System32\KERNELBASE.dll
0x00007ffecd700000 - 0x00007ffecd7ac000 	C:\WINDOWS\System32\ADVAPI32.dll
0x00007ffeceac0000 - 0x00007ffeceb63000 	C:\WINDOWS\System32\msvcrt.dll
0x00007ffecf3c0000 - 0x00007ffecf45d000 	C:\WINDOWS\System32\sechost.dll
0x00007ffece990000 - 0x00007ffeceab1000 	C:\WINDOWS\System32\RPCRT4.dll
0x00007ffecd330000 - 0x00007ffecd4dc000 	C:\WINDOWS\System32\USER32.dll
0x00007ffecc980000 - 0x00007ffecc9a6000 	C:\WINDOWS\System32\win32u.dll
0x00007ffececa0000 - 0x00007ffececc9000 	C:\WINDOWS\System32\GDI32.dll
0x00007ffecd0d0000 - 0x00007ffecd1e2000 	C:\WINDOWS\System32\gdi32full.dll
0x00007ffecc9b0000 - 0x00007ffecca4d000 	C:\WINDOWS\System32\msvcp_win.dll
0x00007ffecca50000 - 0x00007ffeccb61000 	C:\WINDOWS\System32\ucrtbase.dll
0x00007ffeb8190000 - 0x00007ffeb8435000 	C:\WINDOWS\WinSxS\amd64_microsoft.windows.common-controls_6595b64144ccf1df_6.0.22000.120_none_9d947278b86cc467\COMCTL32.dll
0x00007ffece860000 - 0x00007ffece891000 	C:\WINDOWS\System32\IMM32.DLL
0x0000000068520000 - 0x00000000685f2000 	C:\Program Files\Android\Android Studio\jre\jre\bin\msvcr100.dll
0x00000000686e0000 - 0x0000000068f2b000 	C:\Program Files\Android\Android Studio\jre\jre\bin\server\jvm.dll
0x00007ffecef40000 - 0x00007ffecef48000 	C:\WINDOWS\System32\PSAPI.DLL
0x00007ffec7df0000 - 0x00007ffec7df9000 	C:\WINDOWS\SYSTEM32\WSOCK32.dll
0x00007ffec3900000 - 0x00007ffec390a000 	C:\WINDOWS\SYSTEM32\VERSION.dll
0x00007ffec6730000 - 0x00007ffec6763000 	C:\WINDOWS\SYSTEM32\WINMM.dll
0x00007ffeceed0000 - 0x00007ffecef3f000 	C:\WINDOWS\System32\WS2_32.dll
0x00007ffec7de0000 - 0x00007ffec7def000 	C:\Program Files\Android\Android Studio\jre\jre\bin\verify.dll
0x00007ffec3770000 - 0x00007ffec3799000 	C:\Program Files\Android\Android Studio\jre\jre\bin\java.dll
0x00007ffec6e10000 - 0x00007ffec6e26000 	C:\Program Files\Android\Android Studio\jre\jre\bin\zip.dll
0x00007ffece0b0000 - 0x00007ffece85a000 	C:\WINDOWS\System32\SHELL32.dll
0x00007ffecab20000 - 0x00007ffecb382000 	C:\WINDOWS\SYSTEM32\windows.storage.dll
0x00007ffecdc80000 - 0x00007ffecdff8000 	C:\WINDOWS\System32\combase.dll
0x00007ffeca9b0000 - 0x00007ffecab16000 	C:\WINDOWS\SYSTEM32\wintypes.dll
0x00007ffece8a0000 - 0x00007ffece98a000 	C:\WINDOWS\System32\SHCORE.dll
0x00007ffecdc20000 - 0x00007ffecdc7d000 	C:\WINDOWS\System32\shlwapi.dll
0x00007ffecc8b0000 - 0x00007ffecc8d1000 	C:\WINDOWS\SYSTEM32\profapi.dll
0x00007ffec3380000 - 0x00007ffec339a000 	C:\Program Files\Android\Android Studio\jre\jre\bin\net.dll
0x00007ffecbfa0000 - 0x00007ffecc007000 	C:\WINDOWS\system32\mswsock.dll
0x00007ffeaedf0000 - 0x00007ffeaee03000 	C:\Program Files\Android\Android Studio\jre\jre\bin\nio.dll
0x00007ffe985a0000 - 0x00007ffe985c7000 	C:\Users\Alex\.gradle\native\f6784746aeab05261644944871eae4fe03e0ef1612fff0a4a95f87b438bc6780\windows-amd64\native-platform.dll
0x00007ffec76a0000 - 0x00007ffec76ad000 	C:\Program Files\Android\Android Studio\jre\jre\bin\management.dll
0x00007ffecc1e0000 - 0x00007ffecc1f8000 	C:\WINDOWS\SYSTEM32\CRYPTSP.dll
0x00007ffecba70000 - 0x00007ffecbaa5000 	C:\WINDOWS\system32\rsaenh.dll
0x00007ffecc090000 - 0x00007ffecc0b9000 	C:\WINDOWS\SYSTEM32\USERENV.dll
0x00007ffecc360000 - 0x00007ffecc387000 	C:\WINDOWS\SYSTEM32\bcrypt.dll
0x00007ffecd2b0000 - 0x00007ffecd330000 	C:\WINDOWS\System32\bcryptprimitives.dll
0x00007ffecc200000 - 0x00007ffecc20c000 	C:\WINDOWS\SYSTEM32\CRYPTBASE.dll
0x00007ffecb650000 - 0x00007ffecb67d000 	C:\WINDOWS\SYSTEM32\IPHLPAPI.DLL
0x00007ffecd5d0000 - 0x00007ffecd5d9000 	C:\WINDOWS\System32\NSI.dll
0x00007ffec6960000 - 0x00007ffec6979000 	C:\WINDOWS\SYSTEM32\dhcpcsvc6.DLL
0x00007ffec6ff0000 - 0x00007ffec700e000 	C:\WINDOWS\SYSTEM32\dhcpcsvc.DLL
0x00007ffecb6c0000 - 0x00007ffecb7a7000 	C:\WINDOWS\SYSTEM32\DNSAPI.dll
0x00007ffec6640000 - 0x00007ffec664c000 	C:\WINDOWS\SYSTEM32\WINNSI.DLL

VM Arguments:
jvm_args: -Xmx2048m -Dfile.encoding=UTF-8 -Duser.country=RU -Duser.language=ru -Duser.variant 
java_command: org.gradle.launcher.daemon.bootstrap.GradleDaemon 6.5
java_class_path (initial): C:\Users\Alex\.gradle\wrapper\dists\gradle-6.5-bin\6nifqtx7604sqp1q6g8wikw7p\gradle-6.5\lib\gradle-launcher-6.5.jar
Launcher Type: SUN_STANDARD

Environment Variables:
PATH=C:\Program Files (x86)\Common Files\Oracle\Java\javapath;C:\WINDOWS\system32;C:\WINDOWS;C:\WINDOWS\System32\Wbem;C:\WINDOWS\System32\WindowsPowerShell\v1.0\;C:\WINDOWS\System32\OpenSSH\;C:\Program Files\Git\cmd;C:\Users\Alex\AppData\Local\Microsoft\WindowsApps;C:\Users\Alex\AppData\Local\Programs\Microsoft VS Code\bin;C:\flutter\bin;
USERNAME=Alex
OS=Windows_NT
PROCESSOR_IDENTIFIER=Intel64 Family 6 Model 158 Stepping 10, GenuineIntel



---------------  S Y S T E M  ---------------

OS: Windows 10.0 , 64 bit Build 22000 (10.0.22000.318)

CPU:total 8 (initial active 8) (4 cores per cpu, 2 threads per core) family 6 model 158 stepping 10, cmov, cx8, fxsr, mmx, sse, sse2, sse3, ssse3, sse4.1, sse4.2, popcnt, avx, avx2, aes, clmul, erms, 3dnowpref, lzcnt, ht, tsc, tscinvbit, bmi1, bmi2, adx

Memory: 4k page, physical 8227124k(1474428k free), swap 9046324k(11520k free)

vm_info: OpenJDK 64-Bit Server VM (25.242-b01) for windows-amd64 JRE (1.8.0_242-release-1644-b01), built by "builder" with MS VC++ 10.0 (VS2010)

time: Mon Dec 13 21:29:57 2021
timezone: Финляндия (зима)
elapsed time: 7 seconds (0d 0h 0m 7s)

