#
# There is insufficient memory for the Java Runtime Environment to continue.
# Native memory allocation (malloc) failed to allocate 1659536 bytes for Chunk::new
# Possible reasons:
#   The system is out of physical RAM or swap space
#   The process is running with CompressedOops enabled, and the Java Heap may be blocking the growth of the native heap
# Possible solutions:
#   Reduce memory load on the system
#   Increase physical memory or swap space
#   Check if swap backing store is full
#   Decrease Java heap size (-Xmx/-Xms)
#   Decrease number of Java threads
#   Decrease Java thread stack sizes (-Xss)
#   Set larger code cache with -XX:ReservedCodeCacheSize=
#   JVM is running with Unscaled Compressed Oops mode in which the Java heap is
#     placed in the first 4GB address space. The Java Heap base address is the
#     maximum limit for the native heap growth. Please use -XX:HeapBaseMinAddress
#     to set the Java Heap base and to place the Java Heap above 4GB virtual address.
# This output file may be truncated or incomplete.
#
#  Out of Memory Error (allocation.cpp:389), pid=8076, tid=0x0000000000001d70
#
# JRE version: OpenJDK Runtime Environment (8.0_242-b01) (build 1.8.0_242-release-1644-b01)
# Java VM: OpenJDK 64-Bit Server VM (25.242-b01 mixed mode windows-amd64 compressed oops)
# Failed to write core dump. Minidumps are not enabled by default on client versions of Windows
#

---------------  T H R E A D  ---------------

Current thread (0x0000000019d00800):  JavaThread "C2 CompilerThread0" daemon [_thread_in_native, id=7536, stack(0x000000001a5e0000,0x000000001a6e0000)]

Stack: [0x000000001a5e0000,0x000000001a6e0000]
[error occurred during error reporting (printing stack bounds), id 0xc0000005]

Native frames: (J=compiled Java code, j=interpreted, Vv=VM code, C=native code)


Current CompileTask:
C2:   7406 8099 %     4       com.android.tools.r8.z.a.a.f::a @ 66 (6058 bytes)


---------------  P R O C E S S  ---------------

Java Threads: ( => current thread )
  0x000000001afca000 JavaThread "Cache worker for execution history cache (C:\Users\Alex\AndroidStudioProjects\Mornhouse\.gradle\6.5\executionHistory)" [_thread_blocked, id=7408, stack(0x000000002e200000,0x000000002e300000)]
  0x000000001afc9800 JavaThread "Execution worker for ':' Thread 7" [_thread_blocked, id=4324, stack(0x000000002e100000,0x000000002e200000)]
  0x000000001afc6800 JavaThread "Execution worker for ':' Thread 6" [_thread_blocked, id=14300, stack(0x000000002e000000,0x000000002e100000)]
  0x000000001f231800 JavaThread "Execution worker for ':' Thread 5" [_thread_blocked, id=13852, stack(0x000000002df00000,0x000000002e000000)]
  0x000000001f231000 JavaThread "Execution worker for ':' Thread 4" [_thread_blocked, id=7084, stack(0x000000002de00000,0x000000002df00000)]
  0x000000001f22c000 JavaThread "Execution worker for ':' Thread 3" [_thread_blocked, id=2508, stack(0x000000002dd00000,0x000000002de00000)]
  0x000000001f230000 JavaThread "Execution worker for ':' Thread 2" [_thread_blocked, id=6224, stack(0x000000002dc00000,0x000000002dd00000)]
  0x000000001f22f800 JavaThread "Execution worker for ':'" [_thread_blocked, id=5352, stack(0x000000002d480000,0x000000002d580000)]
  0x000000001f22e800 JavaThread "Cache worker for file content cache (C:\Users\Alex\AndroidStudioProjects\Mornhouse\.gradle\6.5\fileContent)" [_thread_blocked, id=10116, stack(0x000000002ceb0000,0x000000002cfb0000)]
  0x000000001f22e000 JavaThread "Memory manager" [_thread_blocked, id=8152, stack(0x000000002cdb0000,0x000000002ceb0000)]
  0x000000001f232800 JavaThread "Cache worker for Build Output Cleanup Cache (C:\Users\Alex\AndroidStudioProjects\Mornhouse\.gradle\buildOutputCleanup)" [_thread_blocked, id=11028, stack(0x0000000027430000,0x0000000027530000)]
  0x000000001f233000 JavaThread "jar transforms Thread 92" [_thread_blocked, id=13892, stack(0x000000002b0e0000,0x000000002b1e0000)]
  0x000000001f224800 JavaThread "jar transforms Thread 91" [_thread_blocked, id=2172, stack(0x000000002afe0000,0x000000002b0e0000)]
  0x000000001f228800 JavaThread "jar transforms Thread 90" [_thread_blocked, id=2516, stack(0x000000002aee0000,0x000000002afe0000)]
  0x000000001f22b800 JavaThread "jar transforms Thread 89" [_thread_blocked, id=11336, stack(0x000000002ade0000,0x000000002aee0000)]
  0x000000001f22a000 JavaThread "jar transforms Thread 88" [_thread_blocked, id=11208, stack(0x000000002ace0000,0x000000002ade0000)]
  0x000000001f224000 JavaThread "jar transforms Thread 87" [_thread_blocked, id=16220, stack(0x000000002abe0000,0x000000002ace0000)]
  0x000000001f227800 JavaThread "jar transforms Thread 86" [_thread_blocked, id=14392, stack(0x000000002aae0000,0x000000002abe0000)]
  0x000000001f227000 JavaThread "jar transforms Thread 85" [_thread_blocked, id=6140, stack(0x000000002a9e0000,0x000000002aae0000)]
  0x000000001f22a800 JavaThread "jar transforms Thread 84" [_thread_blocked, id=14564, stack(0x000000002a8e0000,0x000000002a9e0000)]
  0x000000001f225800 JavaThread "jar transforms Thread 83" [_thread_blocked, id=16156, stack(0x000000002a7e0000,0x000000002a8e0000)]
  0x000000001f226000 JavaThread "jar transforms Thread 82" [_thread_blocked, id=15012, stack(0x000000002a6e0000,0x000000002a7e0000)]
  0x000000001f229000 JavaThread "jar transforms Thread 81" [_thread_blocked, id=9404, stack(0x000000002a5e0000,0x000000002a6e0000)]
  0x000000001f086800 JavaThread "jar transforms Thread 80" [_thread_blocked, id=11220, stack(0x000000002a4e0000,0x000000002a5e0000)]
  0x000000001f087800 JavaThread "jar transforms Thread 79" [_thread_blocked, id=2524, stack(0x000000002a3e0000,0x000000002a4e0000)]
  0x000000001f086000 JavaThread "jar transforms Thread 78" [_thread_blocked, id=540, stack(0x000000002a2e0000,0x000000002a3e0000)]
  0x000000001f085000 JavaThread "jar transforms Thread 77" [_thread_blocked, id=8024, stack(0x000000002a1e0000,0x000000002a2e0000)]
  0x000000001f083800 JavaThread "jar transforms Thread 76" [_thread_blocked, id=4528, stack(0x000000002a0e0000,0x000000002a1e0000)]
  0x000000001f084800 JavaThread "jar transforms Thread 75" [_thread_blocked, id=15732, stack(0x0000000029fe0000,0x000000002a0e0000)]
  0x000000001f083000 JavaThread "jar transforms Thread 74" [_thread_blocked, id=12092, stack(0x0000000029ee0000,0x0000000029fe0000)]
  0x000000001f082000 JavaThread "jar transforms Thread 73" [_thread_blocked, id=15576, stack(0x0000000029de0000,0x0000000029ee0000)]
  0x000000001f07a800 JavaThread "jar transforms Thread 72" [_thread_blocked, id=15284, stack(0x0000000029ce0000,0x0000000029de0000)]
  0x000000001f081800 JavaThread "jar transforms Thread 71" [_thread_blocked, id=6100, stack(0x0000000029be0000,0x0000000029ce0000)]
  0x000000001f080800 JavaThread "jar transforms Thread 70" [_thread_blocked, id=9464, stack(0x0000000029ae0000,0x0000000029be0000)]
  0x000000001f079000 JavaThread "jar transforms Thread 69" [_thread_blocked, id=7332, stack(0x00000000299e0000,0x0000000029ae0000)]
  0x000000001f080000 JavaThread "jar transforms Thread 68" [_thread_blocked, id=15596, stack(0x00000000298e0000,0x00000000299e0000)]
  0x000000001f07f000 JavaThread "jar transforms Thread 67" [_thread_blocked, id=8668, stack(0x00000000297e0000,0x00000000298e0000)]
  0x000000001f078000 JavaThread "jar transforms Thread 66" [_thread_blocked, id=16212, stack(0x00000000296e0000,0x00000000297e0000)]
  0x000000001f07e800 JavaThread "jar transforms Thread 65" [_thread_blocked, id=9968, stack(0x00000000295e0000,0x00000000296e0000)]
  0x000000001f07c000 JavaThread "jar transforms Thread 64" [_thread_blocked, id=13756, stack(0x00000000294e0000,0x00000000295e0000)]
  0x000000001f07d800 JavaThread "jar transforms Thread 63" [_thread_blocked, id=12944, stack(0x00000000293e0000,0x00000000294e0000)]
  0x000000001f07b800 JavaThread "jar transforms Thread 62" [_thread_blocked, id=12412, stack(0x00000000292e0000,0x00000000293e0000)]
  0x000000001f07d000 JavaThread "jar transforms Thread 61" [_thread_blocked, id=1768, stack(0x00000000291e0000,0x00000000292e0000)]
  0x000000001f07a000 JavaThread "jar transforms Thread 60" [_thread_blocked, id=2720, stack(0x00000000290e0000,0x00000000291e0000)]
  0x000000001f077800 JavaThread "jar transforms Thread 59" [_thread_blocked, id=8520, stack(0x0000000028fe0000,0x00000000290e0000)]
  0x000000001f076000 JavaThread "jar transforms Thread 58" [_thread_blocked, id=13268, stack(0x0000000028ee0000,0x0000000028fe0000)]
  0x000000001f074800 JavaThread "jar transforms Thread 57" [_thread_blocked, id=10828, stack(0x0000000028de0000,0x0000000028ee0000)]
  0x000000001f070000 JavaThread "jar transforms Thread 56" [_thread_blocked, id=5924, stack(0x0000000028ce0000,0x0000000028de0000)]
  0x000000001f075000 JavaThread "jar transforms Thread 55" [_thread_blocked, id=10108, stack(0x0000000028be0000,0x0000000028ce0000)]
  0x000000001f073000 JavaThread "jar transforms Thread 54" [_thread_blocked, id=3788, stack(0x0000000028ae0000,0x0000000028be0000)]
  0x000000001f073800 JavaThread "jar transforms Thread 53" [_thread_blocked, id=180, stack(0x00000000289e0000,0x0000000028ae0000)]
  0x000000001f076800 JavaThread "jar transforms Thread 52" [_thread_blocked, id=13780, stack(0x00000000288e0000,0x00000000289e0000)]
  0x000000001f072000 JavaThread "jar transforms Thread 51" [_thread_blocked, id=3024, stack(0x00000000287e0000,0x00000000288e0000)]
  0x000000001f070800 JavaThread "jar transforms Thread 50" [_thread_blocked, id=12332, stack(0x00000000286e0000,0x00000000287e0000)]
  0x000000001f071800 JavaThread "jar transforms Thread 49" [_thread_blocked, id=11556, stack(0x00000000285e0000,0x00000000286e0000)]
  0x000000001f068000 JavaThread "jar transforms Thread 48" [_thread_blocked, id=2960, stack(0x00000000284e0000,0x00000000285e0000)]
  0x000000001f06f000 JavaThread "jar transforms Thread 47" [_thread_blocked, id=10432, stack(0x00000000283e0000,0x00000000284e0000)]
  0x000000001f06e800 JavaThread "jar transforms Thread 46" [_thread_blocked, id=3792, stack(0x00000000282e0000,0x00000000283e0000)]
  0x000000001f06d800 JavaThread "jar transforms Thread 45" [_thread_blocked, id=3832, stack(0x00000000281e0000,0x00000000282e0000)]
  0x000000001f06d000 JavaThread "jar transforms Thread 44" [_thread_blocked, id=9408, stack(0x00000000280e0000,0x00000000281e0000)]
  0x000000001f06b800 JavaThread "jar transforms Thread 43" [_thread_blocked, id=15568, stack(0x0000000027fe0000,0x00000000280e0000)]
  0x000000001f06a800 JavaThread "jar transforms Thread 42" [_thread_blocked, id=5980, stack(0x0000000027ee0000,0x0000000027fe0000)]
  0x000000001f06a000 JavaThread "jar transforms Thread 41" [_thread_blocked, id=8640, stack(0x0000000027de0000,0x0000000027ee0000)]
  0x000000001f069000 JavaThread "jar transforms Thread 40" [_thread_blocked, id=10816, stack(0x0000000027ce0000,0x0000000027de0000)]
  0x000000001f06c000 JavaThread "jar transforms Thread 39" [_thread_blocked, id=13916, stack(0x0000000027be0000,0x0000000027ce0000)]
  0x000000001afd4800 JavaThread "jar transforms Thread 38" [_thread_blocked, id=12284, stack(0x0000000027ae0000,0x0000000027be0000)]
  0x000000001afd0800 JavaThread "jar transforms Thread 37" [_thread_blocked, id=13392, stack(0x00000000279e0000,0x0000000027ae0000)]
  0x000000001afd3800 JavaThread "jar transforms Thread 36" [_thread_blocked, id=4128, stack(0x00000000278e0000,0x00000000279e0000)]
  0x000000001afd1800 JavaThread "jar transforms Thread 35" [_thread_blocked, id=5616, stack(0x00000000277e0000,0x00000000278e0000)]
  0x000000001afce800 JavaThread "jar transforms Thread 34" [_thread_blocked, id=9012, stack(0x00000000276e0000,0x00000000277e0000)]
  0x000000001afd2000 JavaThread "jar transforms Thread 33" [_thread_blocked, id=7476, stack(0x00000000275e0000,0x00000000276e0000)]
  0x000000001afcd800 JavaThread "jar transforms Thread 32" [_thread_blocked, id=16352, stack(0x0000000027130000,0x0000000027230000)]
  0x000000001afcf000 JavaThread "jar transforms Thread 31" [_thread_blocked, id=11048, stack(0x0000000027030000,0x0000000027130000)]
  0x000000001afd3000 JavaThread "jar transforms Thread 30" [_thread_blocked, id=4192, stack(0x0000000026f30000,0x0000000027030000)]
  0x000000001afd0000 JavaThread "jar transforms Thread 29" [_thread_blocked, id=11648, stack(0x0000000026e30000,0x0000000026f30000)]
  0x000000001cd1a800 JavaThread "jar transforms Thread 28" [_thread_blocked, id=14416, stack(0x0000000026d30000,0x0000000026e30000)]
  0x000000001cd19000 JavaThread "jar transforms Thread 27" [_thread_blocked, id=14340, stack(0x0000000026a30000,0x0000000026b30000)]
  0x000000001cd1a000 JavaThread "jar transforms Thread 26" [_thread_blocked, id=10376, stack(0x0000000026930000,0x0000000026a30000)]
  0x000000001cd11800 JavaThread "jar transforms Thread 25" [_thread_blocked, id=13708, stack(0x0000000026830000,0x0000000026930000)]
  0x000000001cd14000 JavaThread "jar transforms Thread 24" [_thread_blocked, id=8508, stack(0x0000000026730000,0x0000000026830000)]
  0x000000001cd16000 JavaThread "jar transforms Thread 23" [_thread_blocked, id=15604, stack(0x0000000026630000,0x0000000026730000)]
  0x000000001cd15800 JavaThread "jar transforms Thread 22" [_thread_blocked, id=15944, stack(0x0000000026530000,0x0000000026630000)]
  0x000000001cd17000 JavaThread "jar transforms Thread 21" [_thread_blocked, id=4752, stack(0x0000000026430000,0x0000000026530000)]
  0x000000001cd12800 JavaThread "jar transforms Thread 20" [_thread_blocked, id=14244, stack(0x0000000026330000,0x0000000026430000)]
  0x000000001cd17800 JavaThread "jar transforms Thread 19" [_thread_blocked, id=11476, stack(0x0000000026230000,0x0000000026330000)]
  0x000000001cd18800 JavaThread "jar transforms Thread 18" [_thread_blocked, id=9924, stack(0x0000000026130000,0x0000000026230000)]
  0x000000001cd14800 JavaThread "jar transforms Thread 17" [_thread_blocked, id=14240, stack(0x0000000026030000,0x0000000026130000)]
  0x000000001cd0d000 JavaThread "jar transforms Thread 16" [_thread_blocked, id=14512, stack(0x0000000025f30000,0x0000000026030000)]
  0x000000001cd0d800 JavaThread "jar transforms Thread 15" [_thread_blocked, id=14288, stack(0x0000000025e30000,0x0000000025f30000)]
  0x000000001cd13000 JavaThread "jar transforms Thread 14" [_thread_blocked, id=5480, stack(0x0000000025d30000,0x0000000025e30000)]
  0x000000001cd11000 JavaThread "jar transforms Thread 13" [_thread_blocked, id=620, stack(0x0000000025c30000,0x0000000025d30000)]
  0x000000001cd10000 JavaThread "jar transforms Thread 12" [_thread_blocked, id=8656, stack(0x0000000025b30000,0x0000000025c30000)]
  0x000000001cd0b800 JavaThread "jar transforms Thread 11" [_thread_blocked, id=3504, stack(0x0000000025a30000,0x0000000025b30000)]
  0x000000001cd0c000 JavaThread "jar transforms Thread 10" [_thread_blocked, id=2532, stack(0x0000000025930000,0x0000000025a30000)]
  0x000000001cd0e800 JavaThread "jar transforms Thread 9" [_thread_blocked, id=15552, stack(0x0000000025830000,0x0000000025930000)]
  0x000000001cd0f800 JavaThread "jar transforms Thread 8" [_thread_blocked, id=2676, stack(0x0000000025730000,0x0000000025830000)]
  0x00000000204fb800 JavaThread "jar transforms Thread 7" [_thread_blocked, id=15560, stack(0x0000000025630000,0x0000000025730000)]
  0x00000000204f6000 JavaThread "jar transforms Thread 6" [_thread_blocked, id=1960, stack(0x0000000025530000,0x0000000025630000)]
  0x00000000204fa800 JavaThread "jar transforms Thread 5" [_thread_blocked, id=12232, stack(0x0000000025430000,0x0000000025530000)]
  0x00000000204f5800 JavaThread "jar transforms Thread 4" [_thread_blocked, id=12876, stack(0x0000000025330000,0x0000000025430000)]
  0x00000000204f9000 JavaThread "jar transforms Thread 3" [_thread_blocked, id=11320, stack(0x0000000025230000,0x0000000025330000)]
  0x00000000204f8800 JavaThread "jar transforms Thread 2" [_thread_blocked, id=12596, stack(0x0000000025130000,0x0000000025230000)]
  0x00000000204f7800 JavaThread "Build operations Thread 8" [_thread_in_vm, id=7112, stack(0x0000000025030000,0x0000000025130000)]
  0x00000000204fc000 JavaThread "Build operations Thread 7" [_thread_in_Java, id=5880, stack(0x0000000024f30000,0x0000000025030000)]
  0x00000000204f7000 JavaThread "Build operations Thread 6" [_thread_blocked, id=11640, stack(0x0000000024d30000,0x0000000024e30000)]
  0x00000000204fa000 JavaThread "Build operations Thread 5" [_thread_in_vm, id=3804, stack(0x0000000024c30000,0x0000000024d30000)]
  0x00000000204ee000 JavaThread "Build operations Thread 4" [_thread_in_vm, id=3184, stack(0x0000000024b30000,0x0000000024c30000)]
  0x00000000204f4800 JavaThread "Build operations Thread 3" [_thread_in_Java, id=15652, stack(0x0000000024a30000,0x0000000024b30000)]
  0x00000000204f0000 JavaThread "Build operations Thread 2" [_thread_in_Java, id=9424, stack(0x0000000024930000,0x0000000024a30000)]
  0x00000000204ed000 JavaThread "Build operations" [_thread_in_Java, id=5948, stack(0x00000000233f0000,0x00000000234f0000)]
  0x00000000204f1800 JavaThread "Cache worker for file content cache (C:\Users\Alex\.gradle\caches\6.5\fileContent)" [_thread_blocked, id=1212, stack(0x00000000230f0000,0x00000000231f0000)]
  0x0000000019d0f000 JavaThread "jar transforms" [_thread_blocked, id=11656, stack(0x0000000022bf0000,0x0000000022cf0000)]
  0x0000000019d0e800 JavaThread "Cache worker for execution history cache (C:\Users\Alex\.gradle\caches\6.5\executionHistory)" [_thread_blocked, id=3132, stack(0x0000000022610000,0x0000000022710000)]
  0x0000000019d0d800 JavaThread "Cache worker for cache directory md-rule (C:\Users\Alex\.gradle\caches\6.5\md-rule)" [_thread_blocked, id=13956, stack(0x0000000021470000,0x0000000021570000)]
  0x0000000019d12000 JavaThread "Cache worker for cache directory md-supplier (C:\Users\Alex\.gradle\caches\6.5\md-supplier)" [_thread_blocked, id=7300, stack(0x0000000020fc0000,0x00000000210c0000)]
  0x0000000019d0c000 JavaThread "Cache worker for checksums cache (C:\Users\Alex\AndroidStudioProjects\Mornhouse\.gradle\checksums)" [_thread_blocked, id=2544, stack(0x0000000020ec0000,0x0000000020fc0000)]
  0x0000000019d10800 JavaThread "Cache worker for file hash cache (C:\Users\Alex\AndroidStudioProjects\Mornhouse\.gradle\6.5\fileHashes)" [_thread_blocked, id=5432, stack(0x0000000021170000,0x0000000021270000)]
  0x0000000019d11800 JavaThread "Cache worker for file hash cache (C:\Users\Alex\.gradle\caches\6.5\fileHashes)" [_thread_blocked, id=14608, stack(0x000000001ec20000,0x000000001ed20000)]
  0x0000000019d0d000 JavaThread "File lock request listener" [_thread_in_native, id=14456, stack(0x000000001eb20000,0x000000001ec20000)]
  0x000000001c853800 JavaThread "Cache worker for journal cache (C:\Users\Alex\.gradle\caches\journal-1)" [_thread_blocked, id=8604, stack(0x000000001ea20000,0x000000001eb20000)]
  0x000000001b973800 JavaThread "Thread-9" [_thread_blocked, id=6196, stack(0x000000001e720000,0x000000001e820000)]
  0x000000001b967000 JavaThread "Stdin handler" [_thread_blocked, id=8092, stack(0x000000001e620000,0x000000001e720000)]
  0x000000001b966800 JavaThread "Asynchronous log dispatcher for DefaultDaemonConnection: socket connection from /127.0.0.1:61703 to /127.0.0.1:61704" [_thread_blocked, id=16088, stack(0x000000001e520000,0x000000001e620000)]
  0x000000001c6ba000 JavaThread "Daemon worker" [_thread_blocked, id=1484, stack(0x000000001e420000,0x000000001e520000)]
  0x000000001c6bc000 JavaThread "Cancel handler" [_thread_blocked, id=16144, stack(0x000000001e320000,0x000000001e420000)]
  0x000000001c56b000 JavaThread "Handler for socket connection from /127.0.0.1:61703 to /127.0.0.1:61704" [_thread_in_native, id=15796, stack(0x000000001e220000,0x000000001e320000)]
  0x000000001c657000 JavaThread "Daemon" [_thread_blocked, id=15160, stack(0x000000001df20000,0x000000001e020000)]
  0x000000001c654000 JavaThread "Daemon periodic checks" [_thread_blocked, id=16008, stack(0x000000001de20000,0x000000001df20000)]
  0x000000001c650000 JavaThread "Incoming local TCP Connector on port 61703" [_thread_in_native, id=15792, stack(0x000000001dbc0000,0x000000001dcc0000)]
  0x0000000019e27000 JavaThread "Daemon health stats" [_thread_blocked, id=13416, stack(0x000000001d580000,0x000000001d680000)]
  0x0000000019d9e000 JavaThread "Service Thread" daemon [_thread_blocked, id=4056, stack(0x000000001a9e0000,0x000000001aae0000)]
  0x0000000019d0b800 JavaThread "C1 CompilerThread3" daemon [_thread_in_native, id=4284, stack(0x000000001a8e0000,0x000000001a9e0000)]
  0x0000000019d10000 JavaThread "C2 CompilerThread2" daemon [_thread_blocked, id=8900, stack(0x000000001a7e0000,0x000000001a8e0000)]
  0x0000000019d05800 JavaThread "C2 CompilerThread1" daemon [_thread_blocked, id=15444, stack(0x000000001a6e0000,0x000000001a7e0000)]
=>0x0000000019d00800 JavaThread "C2 CompilerThread0" daemon [_thread_in_native, id=7536, stack(0x000000001a5e0000,0x000000001a6e0000)]
  0x0000000019cff000 JavaThread "Attach Listener" daemon [_thread_blocked, id=13536, stack(0x000000001a4e0000,0x000000001a5e0000)]
  0x0000000019cfe000 JavaThread "Signal Dispatcher" daemon [_thread_blocked, id=12732, stack(0x000000001a3e0000,0x000000001a4e0000)]
  0x0000000019cf1800 JavaThread "Finalizer" daemon [_thread_blocked, id=13308, stack(0x000000001a1d0000,0x000000001a2d0000)]
  0x0000000019cf0800 JavaThread "Reference Handler" daemon [_thread_blocked, id=14768, stack(0x000000001a0d0000,0x000000001a1d0000)]
  0x0000000002ccd800 JavaThread "main" [_thread_blocked, id=4308, stack(0x0000000002b90000,0x0000000002c90000)]

Other Threads:
  0x0000000017ee8000 VMThread [stack: 0x0000000019bd0000,0x0000000019cd0000] [id=3560]
  0x0000000019d9e800 WatcherThread [stack: 0x000000001aae0000,0x000000001abe0000] [id=8368]

VM state:not at safepoint (normal execution)

VM Mutex/Monitor currently owned by a thread: None

heap address: 0x0000000080000000, size: 2048 MB, Compressed Oops mode: 32-bit
Narrow klass base: 0x0000000000000000, Narrow klass shift: 3
Compressed class space size: 1073741824 Address: 0x0000000100000000

Heap:
 PSYoungGen      total 326144K, used 299333K [0x00000000d5580000, 0x00000000eaf00000, 0x0000000100000000)
  eden space 306688K, 97% used [0x00000000d5580000,0x00000000e79d16b8,0x00000000e8100000)
  from space 19456K, 0% used [0x00000000e9880000,0x00000000e9880000,0x00000000eab80000)
  to   space 23552K, 0% used [0x00000000e8100000,0x00000000e8100000,0x00000000e9800000)
 ParOldGen       total 77824K, used 37971K [0x0000000080000000, 0x0000000084c00000, 0x00000000d5580000)
  object space 77824K, 48% used [0x0000000080000000,0x0000000082514f68,0x0000000084c00000)
 Metaspace       used 72533K, capacity 77987K, committed 78248K, reserved 1124352K
  class space    used 10345K, capacity 11368K, committed 11440K, reserved 1048576K

Card table byte_map: [0x0000000012240000,0x0000000012650000] byte_map_base: 0x0000000011e40000

Marking Bits: (ParMarkBitMap*) 0x0000000068eaf030
 Begin Bits: [0x0000000013100000, 0x0000000015100000)
 End Bits:   [0x0000000015100000, 0x0000000017100000)

Polling page: 0x0000000001340000

CodeCache: size=245760Kb used=24101Kb max_used=24101Kb free=221658Kb
 bounds [0x0000000002e80000, 0x0000000004620000, 0x0000000011e80000]
 total_blobs=8347 nmethods=7541 adapters=718
 compilation: enabled

Compilation events (10 events):
Event: 7.395 Thread 0x0000000019d0b800 8446       3       com.android.tools.r8.t.a.a.a.f.X$d::getValue (13 bytes)
Event: 7.395 Thread 0x0000000019d05800 8483       4       java.util.ArrayDeque::isEmpty (17 bytes)
Event: 7.395 Thread 0x0000000019d0b800 nmethod 8446 0x00000000045e31d0 code [0x00000000045e3320, 0x00000000045e34b0]
Event: 7.395 Thread 0x0000000019d0b800 8447       3       com.android.tools.r8.graph.E::j (8 bytes)
Event: 7.395 Thread 0x0000000019d0b800 nmethod 8447 0x00000000045f6d90 code [0x00000000045f6ee0, 0x00000000045f7030]
Event: 7.395 Thread 0x0000000019d0b800 8453       3       com.android.tools.r8.s.b.o::b (64 bytes)
Event: 7.395 Thread 0x0000000019d05800 nmethod 8483 0x00000000044bd850 code [0x00000000044bd980, 0x00000000044bd9f8]
Event: 7.396 Thread 0x0000000019d0b800 nmethod 8453 0x00000000045f7b90 code [0x00000000045f7da0, 0x00000000045f88d8]
Event: 7.396 Thread 0x0000000019d0b800 8454       3       com.android.tools.r8.ir.conversion.N::a (866 bytes)
Event: 7.396 Thread 0x0000000019d05800 8487       4       com.android.tools.r8.z.a.a.u::<init> (71 bytes)

GC Heap History (10 events):
Event: 3.127 GC heap before
{Heap before GC invocations=9 (full 1):
 PSYoungGen      total 142848K, used 47010K [0x00000000d5580000, 0x00000000e5480000, 0x0000000100000000)
  eden space 131072K, 26% used [0x00000000d5580000,0x00000000d77f03a8,0x00000000dd580000)
  from space 11776K, 99% used [0x00000000dd580000,0x00000000de0f8728,0x00000000de100000)
  to   space 15360K, 0% used [0x00000000e4580000,0x00000000e4580000,0x00000000e5480000)
 ParOldGen       total 52736K, used 10326K [0x0000000080000000, 0x0000000083380000, 0x00000000d5580000)
  object space 52736K, 19% used [0x0000000080000000,0x0000000080a15868,0x0000000083380000)
 Metaspace       used 34183K, capacity 35390K, committed 35496K, reserved 1079296K
  class space    used 4706K, capacity 4992K, committed 5040K, reserved 1048576K
Event: 3.136 GC heap after
Heap after GC invocations=9 (full 1):
 PSYoungGen      total 245248K, used 10515K [0x00000000d5580000, 0x00000000e5600000, 0x0000000100000000)
  eden space 229888K, 0% used [0x00000000d5580000,0x00000000d5580000,0x00000000e3600000)
  from space 15360K, 68% used [0x00000000e4580000,0x00000000e4fc4d00,0x00000000e5480000)
  to   space 15872K, 0% used [0x00000000e3600000,0x00000000e3600000,0x00000000e4580000)
 ParOldGen       total 52736K, used 10334K [0x0000000080000000, 0x0000000083380000, 0x00000000d5580000)
  object space 52736K, 19% used [0x0000000080000000,0x0000000080a17868,0x0000000083380000)
 Metaspace       used 34183K, capacity 35390K, committed 35496K, reserved 1079296K
  class space    used 4706K, capacity 4992K, committed 5040K, reserved 1048576K
}
Event: 3.136 GC heap before
{Heap before GC invocations=10 (full 2):
 PSYoungGen      total 245248K, used 10515K [0x00000000d5580000, 0x00000000e5600000, 0x0000000100000000)
  eden space 229888K, 0% used [0x00000000d5580000,0x00000000d5580000,0x00000000e3600000)
  from space 15360K, 68% used [0x00000000e4580000,0x00000000e4fc4d00,0x00000000e5480000)
  to   space 15872K, 0% used [0x00000000e3600000,0x00000000e3600000,0x00000000e4580000)
 ParOldGen       total 52736K, used 10334K [0x0000000080000000, 0x0000000083380000, 0x00000000d5580000)
  object space 52736K, 19% used [0x0000000080000000,0x0000000080a17868,0x0000000083380000)
 Metaspace       used 34183K, capacity 35390K, committed 35496K, reserved 1079296K
  class space    used 4706K, capacity 4992K, committed 5040K, reserved 1048576K
Event: 3.177 GC heap after
Heap after GC invocations=10 (full 2):
 PSYoungGen      total 245248K, used 0K [0x00000000d5580000, 0x00000000e5600000, 0x0000000100000000)
  eden space 229888K, 0% used [0x00000000d5580000,0x00000000d5580000,0x00000000e3600000)
  from space 15360K, 0% used [0x00000000e4580000,0x00000000e4580000,0x00000000e5480000)
  to   space 15872K, 0% used [0x00000000e3600000,0x00000000e3600000,0x00000000e4580000)
 ParOldGen       total 77824K, used 16891K [0x0000000080000000, 0x0000000084c00000, 0x00000000d5580000)
  object space 77824K, 21% used [0x0000000080000000,0x000000008107ed58,0x0000000084c00000)
 Metaspace       used 34183K, capacity 35390K, committed 35496K, reserved 1079296K
  class space    used 4706K, capacity 4992K, committed 5040K, reserved 1048576K
}
Event: 4.282 GC heap before
{Heap before GC invocations=11 (full 2):
 PSYoungGen      total 245248K, used 229888K [0x00000000d5580000, 0x00000000e5600000, 0x0000000100000000)
  eden space 229888K, 100% used [0x00000000d5580000,0x00000000e3600000,0x00000000e3600000)
  from space 15360K, 0% used [0x00000000e4580000,0x00000000e4580000,0x00000000e5480000)
  to   space 15872K, 0% used [0x00000000e3600000,0x00000000e3600000,0x00000000e4580000)
 ParOldGen       total 77824K, used 16891K [0x0000000080000000, 0x0000000084c00000, 0x00000000d5580000)
  object space 77824K, 21% used [0x0000000080000000,0x000000008107ed58,0x0000000084c00000)
 Metaspace       used 46348K, capacity 48354K, committed 48808K, reserved 1091584K
  class space    used 6298K, capacity 6715K, committed 6832K, reserved 1048576K
Event: 4.296 GC heap after
Heap after GC invocations=11 (full 2):
 PSYoungGen      total 245760K, used 15857K [0x00000000d5580000, 0x00000000eab80000, 0x0000000100000000)
  eden space 229888K, 0% used [0x00000000d5580000,0x00000000d5580000,0x00000000e3600000)
  from space 15872K, 99% used [0x00000000e3600000,0x00000000e457c708,0x00000000e4580000)
  to   space 19456K, 0% used [0x00000000e9880000,0x00000000e9880000,0x00000000eab80000)
 ParOldGen       total 77824K, used 19427K [0x0000000080000000, 0x0000000084c00000, 0x00000000d5580000)
  object space 77824K, 24% used [0x0000000080000000,0x00000000812f8f60,0x0000000084c00000)
 Metaspace       used 46348K, capacity 48354K, committed 48808K, reserved 1091584K
  class space    used 6298K, capacity 6715K, committed 6832K, reserved 1048576K
}
Event: 5.241 GC heap before
{Heap before GC invocations=12 (full 2):
 PSYoungGen      total 245760K, used 137970K [0x00000000d5580000, 0x00000000eab80000, 0x0000000100000000)
  eden space 229888K, 53% used [0x00000000d5580000,0x00000000dccc0178,0x00000000e3600000)
  from space 15872K, 99% used [0x00000000e3600000,0x00000000e457c708,0x00000000e4580000)
  to   space 19456K, 0% used [0x00000000e9880000,0x00000000e9880000,0x00000000eab80000)
 ParOldGen       total 77824K, used 19427K [0x0000000080000000, 0x0000000084c00000, 0x00000000d5580000)
  object space 77824K, 24% used [0x0000000080000000,0x00000000812f8f60,0x0000000084c00000)
 Metaspace       used 56651K, capacity 59058K, committed 59160K, reserved 1099776K
  class space    used 7779K, capacity 8304K, committed 8368K, reserved 1048576K
Event: 5.259 GC heap after
Heap after GC invocations=12 (full 2):
 PSYoungGen      total 326144K, used 19451K [0x00000000d5580000, 0x00000000eaf00000, 0x0000000100000000)
  eden space 306688K, 0% used [0x00000000d5580000,0x00000000d5580000,0x00000000e8100000)
  from space 19456K, 99% used [0x00000000e9880000,0x00000000eab7ee38,0x00000000eab80000)
  to   space 23552K, 0% used [0x00000000e8100000,0x00000000e8100000,0x00000000e9800000)
 ParOldGen       total 77824K, used 24082K [0x0000000080000000, 0x0000000084c00000, 0x00000000d5580000)
  object space 77824K, 30% used [0x0000000080000000,0x0000000081784b30,0x0000000084c00000)
 Metaspace       used 56651K, capacity 59058K, committed 59160K, reserved 1099776K
  class space    used 7779K, capacity 8304K, committed 8368K, reserved 1048576K
}
Event: 5.259 GC heap before
{Heap before GC invocations=13 (full 3):
 PSYoungGen      total 326144K, used 19451K [0x00000000d5580000, 0x00000000eaf00000, 0x0000000100000000)
  eden space 306688K, 0% used [0x00000000d5580000,0x00000000d5580000,0x00000000e8100000)
  from space 19456K, 99% used [0x00000000e9880000,0x00000000eab7ee38,0x00000000eab80000)
  to   space 23552K, 0% used [0x00000000e8100000,0x00000000e8100000,0x00000000e9800000)
 ParOldGen       total 77824K, used 24082K [0x0000000080000000, 0x0000000084c00000, 0x00000000d5580000)
  object space 77824K, 30% used [0x0000000080000000,0x0000000081784b30,0x0000000084c00000)
 Metaspace       used 56651K, capacity 59058K, committed 59160K, reserved 1099776K
  class space    used 7779K, capacity 8304K, committed 8368K, reserved 1048576K
Event: 5.449 GC heap after
Heap after GC invocations=13 (full 3):
 PSYoungGen      total 326144K, used 0K [0x00000000d5580000, 0x00000000eaf00000, 0x0000000100000000)
  eden space 306688K, 0% used [0x00000000d5580000,0x00000000d5580000,0x00000000e8100000)
  from space 19456K, 0% used [0x00000000e9880000,0x00000000e9880000,0x00000000eab80000)
  to   space 23552K, 0% used [0x00000000e8100000,0x00000000e8100000,0x00000000e9800000)
 ParOldGen       total 77824K, used 37971K [0x0000000080000000, 0x0000000084c00000, 0x00000000d5580000)
  object space 77824K, 48% used [0x0000000080000000,0x0000000082514f68,0x0000000084c00000)
 Metaspace       used 56604K, capacity 58896K, committed 59160K, reserved 1099776K
  class space    used 7764K, capacity 8277K, committed 8368K, reserved 1048576K
}

Deoptimization events (10 events):
Event: 6.997 Thread 0x00000000204ee000 Uncommon trap: reason=unstable_if action=reinterpret pc=0x000000000337daec method=java.util.Collections$SetFromMap.add(Ljava/lang/Object;)Z @ 13
Event: 7.062 Thread 0x00000000204f7000 Uncommon trap: reason=unstable_if action=reinterpret pc=0x0000000003495b5c method=java.nio.Bits.putInt(Ljava/nio/ByteBuffer;IIZ)V @ 1
Event: 7.080 Thread 0x00000000204fa000 Uncommon trap: reason=unstable_if action=reinterpret pc=0x00000000033eb31c method=java.util.WeakHashMap.remove(Ljava/lang/Object;)Ljava/lang/Object; @ 94
Event: 7.089 Thread 0x00000000204fa000 Uncommon trap: reason=unstable_if action=reinterpret pc=0x0000000003f406a8 method=java.lang.invoke.MethodType.checkPtypes([Ljava/lang/Class;)I @ 40
Event: 7.263 Thread 0x00000000204ee000 Uncommon trap: reason=unstable_if action=reinterpret pc=0x000000000441d9c0 method=com.android.tools.r8.utils.Y.d(I)Z @ 45
Event: 7.318 Thread 0x00000000204ed000 Uncommon trap: reason=unstable_if action=reinterpret pc=0x00000000041f1fac method=java.util.HashMap.putVal(ILjava/lang/Object;Ljava/lang/Object;ZZ)Ljava/lang/Object; @ 236
Event: 7.353 Thread 0x00000000204f7000 Uncommon trap: reason=class_check action=maybe_recompile pc=0x00000000044d0d64 method=java.util.Map.computeIfAbsent(Ljava/lang/Object;Ljava/util/function/Function;)Ljava/lang/Object; @ 7
Event: 7.353 Thread 0x00000000204f7000 Uncommon trap: reason=class_check action=maybe_recompile pc=0x00000000044d0d64 method=java.util.Map.computeIfAbsent(Ljava/lang/Object;Ljava/util/function/Function;)Ljava/lang/Object; @ 7
Event: 7.353 Thread 0x00000000204f7000 Uncommon trap: reason=class_check action=maybe_recompile pc=0x00000000044d0d64 method=java.util.Map.computeIfAbsent(Ljava/lang/Object;Ljava/util/function/Function;)Ljava/lang/Object; @ 7
Event: 7.353 Thread 0x00000000204f7000 Uncommon trap: reason=class_check action=maybe_recompile pc=0x00000000044d0d64 method=java.util.Map.computeIfAbsent(Ljava/lang/Object;Ljava/util/function/Function;)Ljava/lang/Object; @ 7

Classes redefined (0 events):
No events

Internal exceptions (10 events):
Event: 7.125 Thread 0x00000000204f7800 Exception <a 'java/lang/IncompatibleClassChangeError': Found class java.lang.Object, but interface was expected> (0x00000000e367e670) thrown at [C:\src\AOSP-openjdk-git\hotspot\src\share\vm\interpreter\linkResolver.cpp, line 653]
Event: 7.321 Thread 0x00000000204fa000 Exception <a 'java/lang/NoSuchMethodError': java.lang.Object.b(Lcom/android/tools/r8/graph/p1$b;)Lcom/android/tools/r8/graph/p1$b;> (0x00000000e6c673c0) thrown at [C:\src\AOSP-openjdk-git\hotspot\src\share\vm\interpreter\linkResolver.cpp, line 620]
Event: 7.341 Thread 0x00000000204ed000 Exception <a 'java/lang/NoSuchMethodError': java.lang.Object.lambda$comparingInt$7b0bb60$1(Ljava/util/function/ToIntFunction;Ljava/lang/Object;Ljava/lang/Object;)I> (0x00000000e6e838d8) thrown at [C:\src\AOSP-openjdk-git\hotspot\src\share\vm\interpreter\l
Event: 7.341 Thread 0x00000000204ee000 Exception <a 'java/lang/NoSuchMethodError': java.lang.Object.lambda$comparingInt$7b0bb60$1(Ljava/util/function/ToIntFunction;Ljava/lang/Object;Ljava/lang/Object;)I> (0x00000000e6e2d218) thrown at [C:\src\AOSP-openjdk-git\hotspot\src\share\vm\interpreter\l
Event: 7.341 Thread 0x00000000204f0000 Exception <a 'java/lang/NoSuchMethodError': java.lang.Object.lambda$comparingInt$7b0bb60$1(Ljava/util/function/ToIntFunction;Ljava/lang/Object;Ljava/lang/Object;)I> (0x00000000e6dc2db8) thrown at [C:\src\AOSP-openjdk-git\hotspot\src\share\vm\interpreter\l
Event: 7.341 Thread 0x00000000204fa000 Exception <a 'java/lang/NoSuchMethodError': java.lang.Object.lambda$comparingInt$7b0bb60$1(Ljava/util/function/ToIntFunction;Ljava/lang/Object;Ljava/lang/Object;)I> (0x00000000e6cb5c30) thrown at [C:\src\AOSP-openjdk-git\hotspot\src\share\vm\interpreter\l
Event: 7.341 Thread 0x00000000204f4800 Exception <a 'java/lang/NoSuchMethodError': java.lang.Object.lambda$comparingInt$7b0bb60$1(Ljava/util/function/ToIntFunction;Ljava/lang/Object;Ljava/lang/Object;)I> (0x00000000e6b10a70) thrown at [C:\src\AOSP-openjdk-git\hotspot\src\share\vm\interpreter\l
Event: 7.342 Thread 0x00000000204ed000 Exception <a 'java/lang/NoSuchMethodError': java.lang.Object.lambda$maxBy$1(Ljava/util/Comparator;Ljava/lang/Object;Ljava/lang/Object;)Ljava/lang/Object;> (0x00000000e6e87c70) thrown at [C:\src\AOSP-openjdk-git\hotspot\src\share\vm\interpreter\linkResolve
Event: 7.342 Thread 0x00000000204f7800 Exception <a 'java/lang/NoSuchMethodError': java.lang.Object.lambda$maxBy$1(Ljava/util/Comparator;Ljava/lang/Object;Ljava/lang/Object;)Ljava/lang/Object;> (0x00000000e613b500) thrown at [C:\src\AOSP-openjdk-git\hotspot\src\share\vm\interpreter\linkResolve
Event: 7.342 Thread 0x00000000204ee000 Exception <a 'java/lang/NoSuchMethodError': java.lang.Object.lambda$maxBy$1(Ljava/util/Comparator;Ljava/lang/Object;Ljava/lang/Object;)Ljava/lang/Object;> (0x00000000e6e30f50) thrown at [C:\src\AOSP-openjdk-git\hotspot\src\share\vm\interpreter\linkResolve

Events (10 events):
Event: 7.394 loading class com/android/tools/r8/s/a/p/a
Event: 7.394 loading class com/android/tools/r8/s/a/p/a done
Event: 7.395 loading class com/android/tools/r8/code/c
Event: 7.395 loading class com/android/tools/r8/code/c done
Event: 7.395 loading class com/android/tools/r8/s/b/y
Event: 7.395 loading class com/android/tools/r8/s/b/y done
Event: 7.395 loading class com/android/tools/r8/code/F0
Event: 7.395 loading class com/android/tools/r8/code/F0 done
Event: 7.396 loading class com/android/tools/r8/ir/regalloc/i
Event: 7.396 loading class com/android/tools/r8/ir/regalloc/i done


Dynamic libraries:
0x00007ff7fcaa0000 - 0x00007ff7fcad1000 	C:\Program Files\Android\Android Studio\jre\bin\java.exe
0x00007ffecf4a0000 - 0x00007ffecf6a7000 	C:\WINDOWS\SYSTEM32\ntdll.dll
0x00007ffecebd0000 - 0x00007ffecec8d000 	C:\WINDOWS\System32\KERNEL32.DLL
0x00007ffeccb70000 - 0x00007ffeccee4000 	C:\WINDOWS\System32\KERNELBASE.dll
0x00007ffecd700000 - 0x00007ffecd7ac000 	C:\WINDOWS\System32\ADVAPI32.dll
0x00007ffeceac0000 - 0x00007ffeceb63000 	C:\WINDOWS\System32\msvcrt.dll
0x00007ffecf3c0000 - 0x00007ffecf45d000 	C:\WINDOWS\System32\sechost.dll
0x00007ffece990000 - 0x00007ffeceab1000 	C:\WINDOWS\System32\RPCRT4.dll
0x00007ffecd330000 - 0x00007ffecd4dc000 	C:\WINDOWS\System32\USER32.dll
0x00007ffecc980000 - 0x00007ffecc9a6000 	C:\WINDOWS\System32\win32u.dll
0x00007ffececa0000 - 0x00007ffececc9000 	C:\WINDOWS\System32\GDI32.dll
0x00007ffecd0d0000 - 0x00007ffecd1e2000 	C:\WINDOWS\System32\gdi32full.dll
0x00007ffecc9b0000 - 0x00007ffecca4d000 	C:\WINDOWS\System32\msvcp_win.dll
0x00007ffecca50000 - 0x00007ffeccb61000 	C:\WINDOWS\System32\ucrtbase.dll
0x00007ffeb8190000 - 0x00007ffeb8435000 	C:\WINDOWS\WinSxS\amd64_microsoft.windows.common-controls_6595b64144ccf1df_6.0.22000.120_none_9d947278b86cc467\COMCTL32.dll
0x00007ffece860000 - 0x00007ffece891000 	C:\WINDOWS\System32\IMM32.DLL
0x0000000068520000 - 0x00000000685f2000 	C:\Program Files\Android\Android Studio\jre\jre\bin\msvcr100.dll
0x00000000686e0000 - 0x0000000068f2b000 	C:\Program Files\Android\Android Studio\jre\jre\bin\server\jvm.dll
0x00007ffecef40000 - 0x00007ffecef48000 	C:\WINDOWS\System32\PSAPI.DLL
0x00007ffec7df0000 - 0x00007ffec7df9000 	C:\WINDOWS\SYSTEM32\WSOCK32.dll
0x00007ffec3900000 - 0x00007ffec390a000 	C:\WINDOWS\SYSTEM32\VERSION.dll
0x00007ffec6730000 - 0x00007ffec6763000 	C:\WINDOWS\SYSTEM32\WINMM.dll
0x00007ffeceed0000 - 0x00007ffecef3f000 	C:\WINDOWS\System32\WS2_32.dll
0x00007ffec7de0000 - 0x00007ffec7def000 	C:\Program Files\Android\Android Studio\jre\jre\bin\verify.dll
0x00007ffec3770000 - 0x00007ffec3799000 	C:\Program Files\Android\Android Studio\jre\jre\bin\java.dll
0x00007ffec6e10000 - 0x00007ffec6e26000 	C:\Program Files\Android\Android Studio\jre\jre\bin\zip.dll
0x00007ffece0b0000 - 0x00007ffece85a000 	C:\WINDOWS\System32\SHELL32.dll
0x00007ffecab20000 - 0x00007ffecb382000 	C:\WINDOWS\SYSTEM32\windows.storage.dll
0x00007ffecdc80000 - 0x00007ffecdff8000 	C:\WINDOWS\System32\combase.dll
0x00007ffeca9b0000 - 0x00007ffecab16000 	C:\WINDOWS\SYSTEM32\wintypes.dll
0x00007ffece8a0000 - 0x00007ffece98a000 	C:\WINDOWS\System32\SHCORE.dll
0x00007ffecdc20000 - 0x00007ffecdc7d000 	C:\WINDOWS\System32\shlwapi.dll
0x00007ffecc8b0000 - 0x00007ffecc8d1000 	C:\WINDOWS\SYSTEM32\profapi.dll
0x00007ffec3380000 - 0x00007ffec339a000 	C:\Program Files\Android\Android Studio\jre\jre\bin\net.dll
0x00007ffecbfa0000 - 0x00007ffecc007000 	C:\WINDOWS\system32\mswsock.dll
0x00007ffeaedf0000 - 0x00007ffeaee03000 	C:\Program Files\Android\Android Studio\jre\jre\bin\nio.dll
0x00007ffe985a0000 - 0x00007ffe985c7000 	C:\Users\Alex\.gradle\native\f6784746aeab05261644944871eae4fe03e0ef1612fff0a4a95f87b438bc6780\windows-amd64\native-platform.dll
0x00007ffec76a0000 - 0x00007ffec76ad000 	C:\Program Files\Android\Android Studio\jre\jre\bin\management.dll
0x00007ffecc1e0000 - 0x00007ffecc1f8000 	C:\WINDOWS\SYSTEM32\CRYPTSP.dll
0x00007ffecba70000 - 0x00007ffecbaa5000 	C:\WINDOWS\system32\rsaenh.dll
0x00007ffecc090000 - 0x00007ffecc0b9000 	C:\WINDOWS\SYSTEM32\USERENV.dll
0x00007ffecc360000 - 0x00007ffecc387000 	C:\WINDOWS\SYSTEM32\bcrypt.dll
0x00007ffecd2b0000 - 0x00007ffecd330000 	C:\WINDOWS\System32\bcryptprimitives.dll
0x00007ffecc200000 - 0x00007ffecc20c000 	C:\WINDOWS\SYSTEM32\CRYPTBASE.dll
0x00007ffecb650000 - 0x00007ffecb67d000 	C:\WINDOWS\SYSTEM32\IPHLPAPI.DLL
0x00007ffecd5d0000 - 0x00007ffecd5d9000 	C:\WINDOWS\System32\NSI.dll
0x00007ffec6960000 - 0x00007ffec6979000 	C:\WINDOWS\SYSTEM32\dhcpcsvc6.DLL
0x00007ffec6ff0000 - 0x00007ffec700e000 	C:\WINDOWS\SYSTEM32\dhcpcsvc.DLL
0x00007ffecb6c0000 - 0x00007ffecb7a7000 	C:\WINDOWS\SYSTEM32\DNSAPI.dll
0x00007ffec6640000 - 0x00007ffec664c000 	C:\WINDOWS\SYSTEM32\WINNSI.DLL

VM Arguments:
jvm_args: -Xmx2048m -Dfile.encoding=UTF-8 -Duser.country=RU -Duser.language=ru -Duser.variant 
java_command: org.gradle.launcher.daemon.bootstrap.GradleDaemon 6.5
java_class_path (initial): C:\Users\Alex\.gradle\wrapper\dists\gradle-6.5-bin\6nifqtx7604sqp1q6g8wikw7p\gradle-6.5\lib\gradle-launcher-6.5.jar
Launcher Type: SUN_STANDARD

Environment Variables:
PATH=C:\Program Files (x86)\Common Files\Oracle\Java\javapath;C:\WINDOWS\system32;C:\WINDOWS;C:\WINDOWS\System32\Wbem;C:\WINDOWS\System32\WindowsPowerShell\v1.0\;C:\WINDOWS\System32\OpenSSH\;C:\Program Files\Git\cmd;C:\Users\Alex\AppData\Local\Microsoft\WindowsApps;C:\Users\Alex\AppData\Local\Programs\Microsoft VS Code\bin;C:\flutter\bin;
USERNAME=Alex
OS=Windows_NT
PROCESSOR_IDENTIFIER=Intel64 Family 6 Model 158 Stepping 10, GenuineIntel



---------------  S Y S T E M  ---------------

OS: Windows 10.0 , 64 bit Build 22000 (10.0.22000.318)

CPU:total 8 (initial active 8) (4 cores per cpu, 2 threads per core) family 6 model 158 stepping 10, cmov, cx8, fxsr, mmx, sse, sse2, sse3, ssse3, sse4.1, sse4.2, popcnt, avx, avx2, aes, clmul, erms, 3dnowpref, lzcnt, ht, tsc, tscinvbit, bmi1, bmi2, adx

Memory: 4k page, physical 8227124k(1364560k free), swap 9046324k(5152k free)

vm_info: OpenJDK 64-Bit Server VM (25.242-b01) for windows-amd64 JRE (1.8.0_242-release-1644-b01), built by "builder" with MS VC++ 10.0 (VS2010)

time: Mon Dec 13 21:25:28 2021
timezone: Финляндия (зима)
elapsed time: 7 seconds (0d 0h 0m 7s)

