#
# There is insufficient memory for the Java Runtime Environment to continue.
# Native memory allocation (malloc) failed to allocate 2132656 bytes for Chunk::new
# Possible reasons:
#   The system is out of physical RAM or swap space
#   The process is running with CompressedOops enabled, and the Java Heap may be blocking the growth of the native heap
# Possible solutions:
#   Reduce memory load on the system
#   Increase physical memory or swap space
#   Check if swap backing store is full
#   Decrease Java heap size (-Xmx/-Xms)
#   Decrease number of Java threads
#   Decrease Java thread stack sizes (-Xss)
#   Set larger code cache with -XX:ReservedCodeCacheSize=
#   JVM is running with Unscaled Compressed Oops mode in which the Java heap is
#     placed in the first 4GB address space. The Java Heap base address is the
#     maximum limit for the native heap growth. Please use -XX:HeapBaseMinAddress
#     to set the Java Heap base and to place the Java Heap above 4GB virtual address.
# This output file may be truncated or incomplete.
#
#  Out of Memory Error (allocation.cpp:389), pid=16096, tid=0x0000000000003a28
#
# JRE version: OpenJDK Runtime Environment (8.0_242-b01) (build 1.8.0_242-release-1644-b01)
# Java VM: OpenJDK 64-Bit Server VM (25.242-b01 mixed mode windows-amd64 compressed oops)
# Failed to write core dump. Minidumps are not enabled by default on client versions of Windows
#

---------------  T H R E A D  ---------------

Current thread (0x0000000019b38000):  JavaThread "C2 CompilerThread2" daemon [_thread_in_native, id=14888, stack(0x000000001a610000,0x000000001a710000)]

Stack: [0x000000001a610000,0x000000001a710000]
[error occurred during error reporting (printing stack bounds), id 0xc0000005]

Native frames: (J=compiled Java code, j=interpreted, Vv=VM code, C=native code)


Current CompileTask:
C2:   2029 1510   !   4       java.net.URLClassLoader$1::run (63 bytes)


---------------  P R O C E S S  ---------------

Java Threads: ( => current thread )
  0x000000001c6c0800 JavaThread "Cache worker for file hash cache (C:\Users\Alex\.gradle\caches\6.5\fileHashes)" [_thread_blocked, id=13564, stack(0x000000001ea70000,0x000000001eb70000)]
  0x000000001c6bd800 JavaThread "File lock request listener" [_thread_in_native, id=8712, stack(0x000000001e970000,0x000000001ea70000)]
  0x000000001c5e9000 JavaThread "Cache worker for journal cache (C:\Users\Alex\.gradle\caches\journal-1)" [_thread_blocked, id=10396, stack(0x000000001e870000,0x000000001e970000)]
  0x000000001adb4800 JavaThread "Thread-9" [_thread_blocked, id=9772, stack(0x000000001e570000,0x000000001e670000)]
  0x000000001adb3800 JavaThread "Stdin handler" [_thread_blocked, id=9576, stack(0x000000001e470000,0x000000001e570000)]
  0x000000001adb3000 JavaThread "Asynchronous log dispatcher for DefaultDaemonConnection: socket connection from /127.0.0.1:61914 to /127.0.0.1:61915" [_thread_blocked, id=7260, stack(0x000000001e370000,0x000000001e470000)]
  0x000000001c1de800 JavaThread "Daemon worker" [_thread_in_vm, id=2480, stack(0x000000001e270000,0x000000001e370000)]
  0x000000001c1dd800 JavaThread "Cancel handler" [_thread_blocked, id=6448, stack(0x000000001e170000,0x000000001e270000)]
  0x000000001b7e0000 JavaThread "Handler for socket connection from /127.0.0.1:61914 to /127.0.0.1:61915" [_thread_in_native, id=12992, stack(0x000000001e070000,0x000000001e170000)]
  0x000000001c544800 JavaThread "Daemon" [_thread_blocked, id=6856, stack(0x000000001dd70000,0x000000001de70000)]
  0x000000001c545000 JavaThread "Daemon periodic checks" [_thread_blocked, id=7988, stack(0x000000001dc70000,0x000000001dd70000)]
  0x000000001c4f3000 JavaThread "Incoming local TCP Connector on port 61914" [_thread_in_native, id=2524, stack(0x000000001da10000,0x000000001db10000)]
  0x000000001ab01800 JavaThread "Daemon health stats" [_thread_blocked, id=4752, stack(0x000000001d3b0000,0x000000001d4b0000)]
  0x0000000019bbd000 JavaThread "Service Thread" daemon [_thread_blocked, id=3804, stack(0x000000001a810000,0x000000001a910000)]
  0x0000000019b3c000 JavaThread "C1 CompilerThread3" daemon [_thread_in_native, id=3184, stack(0x000000001a710000,0x000000001a810000)]
=>0x0000000019b38000 JavaThread "C2 CompilerThread2" daemon [_thread_in_native, id=14888, stack(0x000000001a610000,0x000000001a710000)]
  0x0000000019b33800 JavaThread "C2 CompilerThread1" daemon [_thread_in_native, id=3140, stack(0x000000001a510000,0x000000001a610000)]
  0x0000000019b30800 JavaThread "C2 CompilerThread0" daemon [_thread_in_native, id=5904, stack(0x000000001a410000,0x000000001a510000)]
  0x0000000019b2f000 JavaThread "Attach Listener" daemon [_thread_blocked, id=4900, stack(0x000000001a310000,0x000000001a410000)]
  0x0000000019b2e000 JavaThread "Signal Dispatcher" daemon [_thread_blocked, id=8804, stack(0x000000001a210000,0x000000001a310000)]
  0x0000000019b21800 JavaThread "Finalizer" daemon [_thread_blocked, id=12756, stack(0x000000001a000000,0x000000001a100000)]
  0x0000000019b20800 JavaThread "Reference Handler" daemon [_thread_blocked, id=3716, stack(0x0000000019f00000,0x000000001a000000)]
  0x0000000002b7d800 JavaThread "main" [_thread_blocked, id=9048, stack(0x0000000002a40000,0x0000000002b40000)]

Other Threads:
  0x0000000017d38000 VMThread [stack: 0x0000000019a00000,0x0000000019b00000] [id=8576]
  0x0000000019b51000 WatcherThread [stack: 0x000000001a910000,0x000000001aa10000] [id=15944]

VM state:not at safepoint (normal execution)

VM Mutex/Monitor currently owned by a thread: None

heap address: 0x0000000080000000, size: 2048 MB, Compressed Oops mode: 32-bit
Narrow klass base: 0x0000000000000000, Narrow klass shift: 3
Compressed class space size: 1073741824 Address: 0x0000000100000000

Heap:
 PSYoungGen      total 37888K, used 20611K [0x00000000d5580000, 0x00000000da980000, 0x0000000100000000)
  eden space 32768K, 47% used [0x00000000d5580000,0x00000000d64a8ca0,0x00000000d7580000)
  from space 5120K, 99% used [0x00000000d7580000,0x00000000d7a78020,0x00000000d7a80000)
  to   space 10240K, 0% used [0x00000000d9f80000,0x00000000d9f80000,0x00000000da980000)
 ParOldGen       total 86016K, used 6475K [0x0000000080000000, 0x0000000085400000, 0x00000000d5580000)
  object space 86016K, 7% used [0x0000000080000000,0x0000000080652fd8,0x0000000085400000)
 Metaspace       used 19014K, capacity 19658K, committed 19712K, reserved 1067008K
  class space    used 2620K, capacity 2813K, committed 2816K, reserved 1048576K

Card table byte_map: [0x0000000012090000,0x00000000124a0000] byte_map_base: 0x0000000011c90000

Marking Bits: (ParMarkBitMap*) 0x0000000068eaf030
 Begin Bits: [0x0000000012f50000, 0x0000000014f50000)
 End Bits:   [0x0000000014f50000, 0x0000000016f50000)

Polling page: 0x0000000001250000

CodeCache: size=245760Kb used=5853Kb max_used=5853Kb free=239906Kb
 bounds [0x0000000002cd0000, 0x0000000003290000, 0x0000000011cd0000]
 total_blobs=2119 nmethods=1708 adapters=324
 compilation: enabled

Compilation events (10 events):
Event: 2.004 Thread 0x0000000019b3c000 1708       1       java.io.ExpiringCache::access$000 (5 bytes)
Event: 2.004 Thread 0x0000000019b3c000 nmethod 1708 0x0000000003286d10 code [0x0000000003286e60, 0x0000000003286f50]
Event: 2.010 Thread 0x0000000019b3c000 1711       3       java.lang.reflect.Method::getGenericReturnType (20 bytes)
Event: 2.011 Thread 0x0000000019b3c000 nmethod 1711 0x0000000003287510 code [0x0000000003287700, 0x00000000032880f8]
Event: 2.012 Thread 0x0000000019b3c000 1712       3       java.net.URI::match (56 bytes)
Event: 2.012 Thread 0x0000000019b3c000 nmethod 1712 0x0000000003288750 code [0x00000000032888c0, 0x0000000003288bd0]
Event: 2.012 Thread 0x0000000019b3c000 1713       3       java.net.URI$Parser::scan (73 bytes)
Event: 2.013 Thread 0x0000000019b3c000 nmethod 1713 0x0000000003288c50 code [0x0000000003288e20, 0x0000000003289528]
Event: 2.026 Thread 0x0000000019b3c000 1714       3       java.util.LinkedList::node (65 bytes)
Event: 2.026 Thread 0x0000000019b3c000 nmethod 1714 0x0000000003289990 code [0x0000000003289b00, 0x0000000003289e10]

GC Heap History (10 events):
Event: 0.573 GC heap before
{Heap before GC invocations=1 (full 0):
 PSYoungGen      total 37888K, used 32768K [0x00000000d5580000, 0x00000000d7f80000, 0x0000000100000000)
  eden space 32768K, 100% used [0x00000000d5580000,0x00000000d7580000,0x00000000d7580000)
  from space 5120K, 0% used [0x00000000d7a80000,0x00000000d7a80000,0x00000000d7f80000)
  to   space 5120K, 0% used [0x00000000d7580000,0x00000000d7580000,0x00000000d7a80000)
 ParOldGen       total 86016K, used 0K [0x0000000080000000, 0x0000000085400000, 0x00000000d5580000)
  object space 86016K, 0% used [0x0000000080000000,0x0000000080000000,0x0000000085400000)
 Metaspace       used 7540K, capacity 7784K, committed 8064K, reserved 1056768K
  class space    used 931K, capacity 1039K, committed 1152K, reserved 1048576K
Event: 0.579 GC heap after
Heap after GC invocations=1 (full 0):
 PSYoungGen      total 37888K, used 4510K [0x00000000d5580000, 0x00000000d7f80000, 0x0000000100000000)
  eden space 32768K, 0% used [0x00000000d5580000,0x00000000d5580000,0x00000000d7580000)
  from space 5120K, 88% used [0x00000000d7580000,0x00000000d79e78b0,0x00000000d7a80000)
  to   space 5120K, 0% used [0x00000000d7a80000,0x00000000d7a80000,0x00000000d7f80000)
 ParOldGen       total 86016K, used 16K [0x0000000080000000, 0x0000000085400000, 0x00000000d5580000)
  object space 86016K, 0% used [0x0000000080000000,0x0000000080004000,0x0000000085400000)
 Metaspace       used 7540K, capacity 7784K, committed 8064K, reserved 1056768K
  class space    used 931K, capacity 1039K, committed 1152K, reserved 1048576K
}
Event: 0.795 GC heap before
{Heap before GC invocations=2 (full 0):
 PSYoungGen      total 37888K, used 37278K [0x00000000d5580000, 0x00000000d7f80000, 0x0000000100000000)
  eden space 32768K, 100% used [0x00000000d5580000,0x00000000d7580000,0x00000000d7580000)
  from space 5120K, 88% used [0x00000000d7580000,0x00000000d79e78b0,0x00000000d7a80000)
  to   space 5120K, 0% used [0x00000000d7a80000,0x00000000d7a80000,0x00000000d7f80000)
 ParOldGen       total 86016K, used 16K [0x0000000080000000, 0x0000000085400000, 0x00000000d5580000)
  object space 86016K, 0% used [0x0000000080000000,0x0000000080004000,0x0000000085400000)
 Metaspace       used 7772K, capacity 7994K, committed 8320K, reserved 1056768K
  class space    used 952K, capacity 1045K, committed 1152K, reserved 1048576K
Event: 0.798 GC heap after
Heap after GC invocations=2 (full 0):
 PSYoungGen      total 37888K, used 3313K [0x00000000d5580000, 0x00000000d9f80000, 0x0000000100000000)
  eden space 32768K, 0% used [0x00000000d5580000,0x00000000d5580000,0x00000000d7580000)
  from space 5120K, 64% used [0x00000000d7a80000,0x00000000d7dbc618,0x00000000d7f80000)
  to   space 5120K, 0% used [0x00000000d7580000,0x00000000d7580000,0x00000000d7a80000)
 ParOldGen       total 86016K, used 24K [0x0000000080000000, 0x0000000085400000, 0x00000000d5580000)
  object space 86016K, 0% used [0x0000000080000000,0x0000000080006000,0x0000000085400000)
 Metaspace       used 7772K, capacity 7994K, committed 8320K, reserved 1056768K
  class space    used 952K, capacity 1045K, committed 1152K, reserved 1048576K
}
Event: 1.381 GC heap before
{Heap before GC invocations=3 (full 0):
 PSYoungGen      total 37888K, used 36081K [0x00000000d5580000, 0x00000000d9f80000, 0x0000000100000000)
  eden space 32768K, 100% used [0x00000000d5580000,0x00000000d7580000,0x00000000d7580000)
  from space 5120K, 64% used [0x00000000d7a80000,0x00000000d7dbc618,0x00000000d7f80000)
  to   space 5120K, 0% used [0x00000000d7580000,0x00000000d7580000,0x00000000d7a80000)
 ParOldGen       total 86016K, used 24K [0x0000000080000000, 0x0000000085400000, 0x00000000d5580000)
  object space 86016K, 0% used [0x0000000080000000,0x0000000080006000,0x0000000085400000)
 Metaspace       used 11956K, capacity 12266K, committed 12544K, reserved 1060864K
  class space    used 1588K, capacity 1693K, committed 1792K, reserved 1048576K
Event: 1.385 GC heap after
Heap after GC invocations=3 (full 0):
 PSYoungGen      total 37888K, used 5088K [0x00000000d5580000, 0x00000000d7f80000, 0x0000000100000000)
  eden space 32768K, 0% used [0x00000000d5580000,0x00000000d5580000,0x00000000d7580000)
  from space 5120K, 99% used [0x00000000d7580000,0x00000000d7a78020,0x00000000d7a80000)
  to   space 5120K, 0% used [0x00000000d7a80000,0x00000000d7a80000,0x00000000d7f80000)
 ParOldGen       total 86016K, used 980K [0x0000000080000000, 0x0000000085400000, 0x00000000d5580000)
  object space 86016K, 1% used [0x0000000080000000,0x00000000800f5398,0x0000000085400000)
 Metaspace       used 11956K, capacity 12266K, committed 12544K, reserved 1060864K
  class space    used 1588K, capacity 1693K, committed 1792K, reserved 1048576K
}
Event: 1.592 GC heap before
{Heap before GC invocations=4 (full 0):
 PSYoungGen      total 37888K, used 37640K [0x00000000d5580000, 0x00000000d7f80000, 0x0000000100000000)
  eden space 32768K, 99% used [0x00000000d5580000,0x00000000d754a2e8,0x00000000d7580000)
  from space 5120K, 99% used [0x00000000d7580000,0x00000000d7a78020,0x00000000d7a80000)
  to   space 5120K, 0% used [0x00000000d7a80000,0x00000000d7a80000,0x00000000d7f80000)
 ParOldGen       total 86016K, used 980K [0x0000000080000000, 0x0000000085400000, 0x00000000d5580000)
  object space 86016K, 1% used [0x0000000080000000,0x00000000800f5398,0x0000000085400000)
 Metaspace       used 14629K, capacity 15170K, committed 15232K, reserved 1062912K
  class space    used 1997K, capacity 2157K, committed 2176K, reserved 1048576K
Event: 1.599 GC heap after
Heap after GC invocations=4 (full 0):
 PSYoungGen      total 37888K, used 5119K [0x00000000d5580000, 0x00000000d9f80000, 0x0000000100000000)
  eden space 32768K, 0% used [0x00000000d5580000,0x00000000d5580000,0x00000000d7580000)
  from space 5120K, 99% used [0x00000000d7a80000,0x00000000d7f7fc50,0x00000000d7f80000)
  to   space 5120K, 0% used [0x00000000d7580000,0x00000000d7580000,0x00000000d7a80000)
 ParOldGen       total 86016K, used 3460K [0x0000000080000000, 0x0000000085400000, 0x00000000d5580000)
  object space 86016K, 4% used [0x0000000080000000,0x00000000803611e0,0x0000000085400000)
 Metaspace       used 14629K, capacity 15170K, committed 15232K, reserved 1062912K
  class space    used 1997K, capacity 2157K, committed 2176K, reserved 1048576K
}
Event: 1.848 GC heap before
{Heap before GC invocations=5 (full 0):
 PSYoungGen      total 37888K, used 37887K [0x00000000d5580000, 0x00000000d9f80000, 0x0000000100000000)
  eden space 32768K, 100% used [0x00000000d5580000,0x00000000d7580000,0x00000000d7580000)
  from space 5120K, 99% used [0x00000000d7a80000,0x00000000d7f7fc50,0x00000000d7f80000)
  to   space 5120K, 0% used [0x00000000d7580000,0x00000000d7580000,0x00000000d7a80000)
 ParOldGen       total 86016K, used 3460K [0x0000000080000000, 0x0000000085400000, 0x00000000d5580000)
  object space 86016K, 4% used [0x0000000080000000,0x00000000803611e0,0x0000000085400000)
 Metaspace       used 17536K, capacity 18160K, committed 18304K, reserved 1064960K
  class space    used 2405K, capacity 2600K, committed 2688K, reserved 1048576K
Event: 1.856 GC heap after
Heap after GC invocations=5 (full 0):
 PSYoungGen      total 37888K, used 5088K [0x00000000d5580000, 0x00000000da980000, 0x0000000100000000)
  eden space 32768K, 0% used [0x00000000d5580000,0x00000000d5580000,0x00000000d7580000)
  from space 5120K, 99% used [0x00000000d7580000,0x00000000d7a78020,0x00000000d7a80000)
  to   space 10240K, 0% used [0x00000000d9f80000,0x00000000d9f80000,0x00000000da980000)
 ParOldGen       total 86016K, used 6475K [0x0000000080000000, 0x0000000085400000, 0x00000000d5580000)
  object space 86016K, 7% used [0x0000000080000000,0x0000000080652fd8,0x0000000085400000)
 Metaspace       used 17536K, capacity 18160K, committed 18304K, reserved 1064960K
  class space    used 2405K, capacity 2600K, committed 2688K, reserved 1048576K
}

Deoptimization events (10 events):
Event: 1.628 Thread 0x000000001c1de800 Uncommon trap: reason=unstable_if action=reinterpret pc=0x0000000002ff371c method=java.io.File.getName()Ljava/lang/String; @ 16
Event: 1.628 Thread 0x000000001c1de800 Uncommon trap: reason=unstable_if action=reinterpret pc=0x0000000002ff5d1c method=java.lang.String.substring(I)Ljava/lang/String; @ 35
Event: 1.778 Thread 0x000000001c1de800 Uncommon trap: reason=unstable_if action=reinterpret pc=0x0000000002ff64f0 method=java.util.LinkedHashMap.afterNodeInsertion(Z)V @ 1
Event: 1.778 Thread 0x000000001c1de800 Uncommon trap: reason=unstable_if action=reinterpret pc=0x0000000002f3ccc0 method=java.util.HashMap.getNode(ILjava/lang/Object;)Ljava/util/HashMap$Node; @ 129
Event: 1.779 Thread 0x000000001c1de800 Uncommon trap: reason=bimorphic action=maybe_recompile pc=0x000000000318617c method=java.util.HashMap.putVal(ILjava/lang/Object;Ljava/lang/Object;ZZ)Ljava/lang/Object; @ 203
Event: 1.781 Thread 0x000000001c1de800 Uncommon trap: reason=unstable_if action=reinterpret pc=0x0000000002f30690 method=java.util.HashMap.getNode(ILjava/lang/Object;)Ljava/util/HashMap$Node; @ 129
Event: 1.781 Thread 0x000000001c1de800 Uncommon trap: reason=bimorphic action=maybe_recompile pc=0x000000000318617c method=java.util.HashMap.putVal(ILjava/lang/Object;Ljava/lang/Object;ZZ)Ljava/lang/Object; @ 203
Event: 1.879 Thread 0x000000001c1de800 Uncommon trap: reason=unstable_if action=reinterpret pc=0x00000000031f280c method=java.util.jar.Attributes$Name.isDigit(C)Z @ 3
Event: 2.012 Thread 0x000000001c1de800 Uncommon trap: reason=unstable_if action=reinterpret pc=0x0000000002e90388 method=java.net.URI.match(CJJ)Z @ 19
Event: 2.012 Thread 0x000000001c1de800 Uncommon trap: reason=unstable_if action=reinterpret pc=0x0000000002f7f080 method=java.net.URI.match(CJJ)Z @ 19

Classes redefined (0 events):
No events

Internal exceptions (10 events):
Event: 1.372 Thread 0x000000001b7e0000 Exception <a 'java/lang/NoSuchMethodError': <clinit>> (0x00000000d74bfa90) thrown at [C:\src\AOSP-openjdk-git\hotspot\src\share\vm\prims\jni.cpp, line 1615]
Event: 1.372 Thread 0x000000001b7e0000 Exception <a 'java/lang/NoSuchMethodError': <clinit>> (0x00000000d74d4060) thrown at [C:\src\AOSP-openjdk-git\hotspot\src\share\vm\prims\jni.cpp, line 1615]
Event: 1.378 Thread 0x000000001b7e0000 Exception <a 'java/lang/NoSuchMethodError': <clinit>> (0x00000000d7541130) thrown at [C:\src\AOSP-openjdk-git\hotspot\src\share\vm\prims\jni.cpp, line 1615]
Event: 1.381 Thread 0x000000001b7e0000 Exception <a 'java/lang/NoSuchMethodError': <clinit>> (0x00000000d757b678) thrown at [C:\src\AOSP-openjdk-git\hotspot\src\share\vm\prims\jni.cpp, line 1615]
Event: 1.390 Thread 0x000000001b7e0000 Exception <a 'java/lang/NoSuchMethodError': <clinit>> (0x00000000d55b1848) thrown at [C:\src\AOSP-openjdk-git\hotspot\src\share\vm\prims\jni.cpp, line 1615]
Event: 1.391 Thread 0x000000001b7e0000 Exception <a 'java/lang/NoSuchMethodError': <clinit>> (0x00000000d55bdda8) thrown at [C:\src\AOSP-openjdk-git\hotspot\src\share\vm\prims\jni.cpp, line 1615]
Event: 1.656 Thread 0x000000001c1de800 Exception <a 'java/lang/NoSuchMethodError': java.lang.Object.lambda$and$0(Ljava/util/function/Predicate;Ljava/lang/Object;)Z> (0x00000000d5a036e8) thrown at [C:\src\AOSP-openjdk-git\hotspot\src\share\vm\interpreter\linkResolver.cpp, line 620]
Event: 1.660 Thread 0x000000001c1de800 Exception <a 'java/lang/IncompatibleClassChangeError': Found class java.lang.Object, but interface was expected> (0x00000000d5a13a00) thrown at [C:\src\AOSP-openjdk-git\hotspot\src\share\vm\interpreter\linkResolver.cpp, line 653]
Event: 1.661 Thread 0x000000001c1de800 Exception <a 'java/lang/NoSuchMethodError': java.lang.Object.lambda$or$2(Ljava/util/function/Predicate;Ljava/lang/Object;)Z> (0x00000000d5a18550) thrown at [C:\src\AOSP-openjdk-git\hotspot\src\share\vm\interpreter\linkResolver.cpp, line 620]
Event: 1.805 Thread 0x000000001c1de800 Exception <a 'java/lang/NoSuchMethodError': java.lang.Object.lambda$static$0(Lorg/gradle/internal/state/ModelObject;)Ljava/lang/String;> (0x00000000d718f3c0) thrown at [C:\src\AOSP-openjdk-git\hotspot\src\share\vm\interpreter\linkResolver.cpp, line 620]

Events (10 events):
Event: 2.027 loading class org/gradle/internal/scan/config/BuildScanConfig$Attributes
Event: 2.027 loading class org/gradle/internal/scan/config/BuildScanConfig$Attributes done
Event: 2.027 loading class org/gradle/internal/concurrent/CompositeStoppable$2
Event: 2.027 loading class org/gradle/internal/concurrent/CompositeStoppable$2 done
Event: 2.028 loading class org/gradle/api/internal/project/BuildOperationCrossProjectConfigurator
Event: 2.028 loading class org/gradle/api/internal/project/BuildOperationCrossProjectConfigurator done
Event: 2.028 loading class org/gradle/api/internal/WithMutationGuard
Event: 2.028 loading class org/gradle/api/internal/WithMutationGuard done
Event: 2.028 loading class org/gradle/api/internal/MutationGuard
Event: 2.028 loading class org/gradle/api/internal/MutationGuard done


Dynamic libraries:
0x00007ff7fcaa0000 - 0x00007ff7fcad1000 	C:\Program Files\Android\Android Studio\jre\bin\java.exe
0x00007ffecf4a0000 - 0x00007ffecf6a7000 	C:\WINDOWS\SYSTEM32\ntdll.dll
0x00007ffecebd0000 - 0x00007ffecec8d000 	C:\WINDOWS\System32\KERNEL32.DLL
0x00007ffeccb70000 - 0x00007ffeccee4000 	C:\WINDOWS\System32\KERNELBASE.dll
0x00007ffecd700000 - 0x00007ffecd7ac000 	C:\WINDOWS\System32\ADVAPI32.dll
0x00007ffeceac0000 - 0x00007ffeceb63000 	C:\WINDOWS\System32\msvcrt.dll
0x00007ffecf3c0000 - 0x00007ffecf45d000 	C:\WINDOWS\System32\sechost.dll
0x00007ffece990000 - 0x00007ffeceab1000 	C:\WINDOWS\System32\RPCRT4.dll
0x00007ffecd330000 - 0x00007ffecd4dc000 	C:\WINDOWS\System32\USER32.dll
0x00007ffecc980000 - 0x00007ffecc9a6000 	C:\WINDOWS\System32\win32u.dll
0x00007ffececa0000 - 0x00007ffececc9000 	C:\WINDOWS\System32\GDI32.dll
0x00007ffecd0d0000 - 0x00007ffecd1e2000 	C:\WINDOWS\System32\gdi32full.dll
0x00007ffecc9b0000 - 0x00007ffecca4d000 	C:\WINDOWS\System32\msvcp_win.dll
0x00007ffecca50000 - 0x00007ffeccb61000 	C:\WINDOWS\System32\ucrtbase.dll
0x00007ffeb8190000 - 0x00007ffeb8435000 	C:\WINDOWS\WinSxS\amd64_microsoft.windows.common-controls_6595b64144ccf1df_6.0.22000.120_none_9d947278b86cc467\COMCTL32.dll
0x00007ffece860000 - 0x00007ffece891000 	C:\WINDOWS\System32\IMM32.DLL
0x0000000068520000 - 0x00000000685f2000 	C:\Program Files\Android\Android Studio\jre\jre\bin\msvcr100.dll
0x00000000686e0000 - 0x0000000068f2b000 	C:\Program Files\Android\Android Studio\jre\jre\bin\server\jvm.dll
0x00007ffecef40000 - 0x00007ffecef48000 	C:\WINDOWS\System32\PSAPI.DLL
0x00007ffec7df0000 - 0x00007ffec7df9000 	C:\WINDOWS\SYSTEM32\WSOCK32.dll
0x00007ffec6730000 - 0x00007ffec6763000 	C:\WINDOWS\SYSTEM32\WINMM.dll
0x00007ffec3900000 - 0x00007ffec390a000 	C:\WINDOWS\SYSTEM32\VERSION.dll
0x00007ffeceed0000 - 0x00007ffecef3f000 	C:\WINDOWS\System32\WS2_32.dll
0x00007ffec7de0000 - 0x00007ffec7def000 	C:\Program Files\Android\Android Studio\jre\jre\bin\verify.dll
0x00007ffec3770000 - 0x00007ffec3799000 	C:\Program Files\Android\Android Studio\jre\jre\bin\java.dll
0x00007ffec6e10000 - 0x00007ffec6e26000 	C:\Program Files\Android\Android Studio\jre\jre\bin\zip.dll
0x00007ffece0b0000 - 0x00007ffece85a000 	C:\WINDOWS\System32\SHELL32.dll
0x00007ffecab20000 - 0x00007ffecb382000 	C:\WINDOWS\SYSTEM32\windows.storage.dll
0x00007ffecdc80000 - 0x00007ffecdff8000 	C:\WINDOWS\System32\combase.dll
0x00007ffeca9b0000 - 0x00007ffecab16000 	C:\WINDOWS\SYSTEM32\wintypes.dll
0x00007ffece8a0000 - 0x00007ffece98a000 	C:\WINDOWS\System32\SHCORE.dll
0x00007ffecdc20000 - 0x00007ffecdc7d000 	C:\WINDOWS\System32\shlwapi.dll
0x00007ffecc8b0000 - 0x00007ffecc8d1000 	C:\WINDOWS\SYSTEM32\profapi.dll
0x00007ffec3380000 - 0x00007ffec339a000 	C:\Program Files\Android\Android Studio\jre\jre\bin\net.dll
0x00007ffecbfa0000 - 0x00007ffecc007000 	C:\WINDOWS\system32\mswsock.dll
0x00007ffeaedf0000 - 0x00007ffeaee03000 	C:\Program Files\Android\Android Studio\jre\jre\bin\nio.dll
0x00007ffe985a0000 - 0x00007ffe985c7000 	C:\Users\Alex\.gradle\native\f6784746aeab05261644944871eae4fe03e0ef1612fff0a4a95f87b438bc6780\windows-amd64\native-platform.dll
0x00007ffec76a0000 - 0x00007ffec76ad000 	C:\Program Files\Android\Android Studio\jre\jre\bin\management.dll
0x00007ffecc1e0000 - 0x00007ffecc1f8000 	C:\WINDOWS\SYSTEM32\CRYPTSP.dll
0x00007ffecba70000 - 0x00007ffecbaa5000 	C:\WINDOWS\system32\rsaenh.dll
0x00007ffecc090000 - 0x00007ffecc0b9000 	C:\WINDOWS\SYSTEM32\USERENV.dll
0x00007ffecc360000 - 0x00007ffecc387000 	C:\WINDOWS\SYSTEM32\bcrypt.dll
0x00007ffecd2b0000 - 0x00007ffecd330000 	C:\WINDOWS\System32\bcryptprimitives.dll
0x00007ffecc200000 - 0x00007ffecc20c000 	C:\WINDOWS\SYSTEM32\CRYPTBASE.dll
0x00007ffecb650000 - 0x00007ffecb67d000 	C:\WINDOWS\SYSTEM32\IPHLPAPI.DLL
0x00007ffecd5d0000 - 0x00007ffecd5d9000 	C:\WINDOWS\System32\NSI.dll
0x00007ffec6960000 - 0x00007ffec6979000 	C:\WINDOWS\SYSTEM32\dhcpcsvc6.DLL
0x00007ffec6ff0000 - 0x00007ffec700e000 	C:\WINDOWS\SYSTEM32\dhcpcsvc.DLL
0x00007ffecb6c0000 - 0x00007ffecb7a7000 	C:\WINDOWS\SYSTEM32\DNSAPI.dll
0x00007ffec6640000 - 0x00007ffec664c000 	C:\WINDOWS\SYSTEM32\WINNSI.DLL

VM Arguments:
jvm_args: -Xmx2048m -Dfile.encoding=UTF-8 -Duser.country=RU -Duser.language=ru -Duser.variant 
java_command: org.gradle.launcher.daemon.bootstrap.GradleDaemon 6.5
java_class_path (initial): C:\Users\Alex\.gradle\wrapper\dists\gradle-6.5-bin\6nifqtx7604sqp1q6g8wikw7p\gradle-6.5\lib\gradle-launcher-6.5.jar
Launcher Type: SUN_STANDARD

Environment Variables:
PATH=C:\Program Files (x86)\Common Files\Oracle\Java\javapath;C:\WINDOWS\system32;C:\WINDOWS;C:\WINDOWS\System32\Wbem;C:\WINDOWS\System32\WindowsPowerShell\v1.0\;C:\WINDOWS\System32\OpenSSH\;C:\Program Files\Git\cmd;C:\Users\Alex\AppData\Local\Microsoft\WindowsApps;C:\Users\Alex\AppData\Local\Programs\Microsoft VS Code\bin;C:\flutter\bin;
USERNAME=Alex
OS=Windows_NT
PROCESSOR_IDENTIFIER=Intel64 Family 6 Model 158 Stepping 10, GenuineIntel



---------------  S Y S T E M  ---------------

OS: Windows 10.0 , 64 bit Build 22000 (10.0.22000.318)

CPU:total 8 (initial active 8) (4 cores per cpu, 2 threads per core) family 6 model 158 stepping 10, cmov, cx8, fxsr, mmx, sse, sse2, sse3, ssse3, sse4.1, sse4.2, popcnt, avx, avx2, aes, clmul, erms, 3dnowpref, lzcnt, ht, tsc, tscinvbit, bmi1, bmi2, adx

Memory: 4k page, physical 8227124k(1409664k free), swap 9046324k(6348k free)

vm_info: OpenJDK 64-Bit Server VM (25.242-b01) for windows-amd64 JRE (1.8.0_242-release-1644-b01), built by "builder" with MS VC++ 10.0 (VS2010)

time: Mon Dec 13 21:29:42 2021
timezone: Финляндия (зима)
elapsed time: 2 seconds (0d 0h 0m 2s)

