#
# There is insufficient memory for the Java Runtime Environment to continue.
# Native memory allocation (malloc) failed to allocate 1678096 bytes for Chunk::new
# Possible reasons:
#   The system is out of physical RAM or swap space
#   The process is running with CompressedOops enabled, and the Java Heap may be blocking the growth of the native heap
# Possible solutions:
#   Reduce memory load on the system
#   Increase physical memory or swap space
#   Check if swap backing store is full
#   Decrease Java heap size (-Xmx/-Xms)
#   Decrease number of Java threads
#   Decrease Java thread stack sizes (-Xss)
#   Set larger code cache with -XX:ReservedCodeCacheSize=
#   JVM is running with Unscaled Compressed Oops mode in which the Java heap is
#     placed in the first 4GB address space. The Java Heap base address is the
#     maximum limit for the native heap growth. Please use -XX:HeapBaseMinAddress
#     to set the Java Heap base and to place the Java Heap above 4GB virtual address.
# This output file may be truncated or incomplete.
#
#  Out of Memory Error (allocation.cpp:389), pid=14968, tid=0x000000000000263c
#
# JRE version: OpenJDK Runtime Environment (8.0_242-b01) (build 1.8.0_242-release-1644-b01)
# Java VM: OpenJDK 64-Bit Server VM (25.242-b01 mixed mode windows-amd64 compressed oops)
# Failed to write core dump. Minidumps are not enabled by default on client versions of Windows
#

---------------  T H R E A D  ---------------

Current thread (0x0000000017919800):  JavaThread "C2 CompilerThread0" daemon [_thread_in_native, id=9788, stack(0x000000001a020000,0x000000001a120000)]

Stack: [0x000000001a020000,0x000000001a120000]
[error occurred during error reporting (printing stack bounds), id 0xc0000005]

Native frames: (J=compiled Java code, j=interpreted, Vv=VM code, C=native code)


Current CompileTask:
C2:   7549 7664       4       com.android.utils.XmlUtils::append (639 bytes)


---------------  P R O C E S S  ---------------

Java Threads: ( => current thread )
  0x0000000023473800 JavaThread "stdout" [_thread_new, id=15528, stack(0x0000000000000000,0x0000000000000000)]
  0x0000000023477800 JavaThread "stderr" [_thread_new, id=10008, stack(0x0000000000000000,0x0000000000000000)]
  0x0000000023473000 JavaThread "stdout" [_thread_in_native, id=12604, stack(0x000000002f010000,0x000000002f110000)]
  0x0000000023476800 JavaThread "stderr" [_thread_in_native, id=10248, stack(0x000000002ef10000,0x000000002f010000)]
  0x0000000023472000 JavaThread "stdout" [_thread_in_native, id=2780, stack(0x000000002ee10000,0x000000002ef10000)]
  0x0000000023476000 JavaThread "stderr" [_thread_in_native, id=9164, stack(0x000000002ed10000,0x000000002ee10000)]
  0x0000000023475000 JavaThread "stdout" [_thread_in_native, id=12096, stack(0x000000002ec10000,0x000000002ed10000)]
  0x0000000023474800 JavaThread "stderr" [_thread_in_native, id=3996, stack(0x000000002eb10000,0x000000002ec10000)]
  0x000000002346a800 JavaThread "pool-2-thread-1" [_thread_blocked, id=13412, stack(0x000000002e810000,0x000000002e910000)]
  0x0000000023471800 JavaThread "WorkerExecutor Queue Thread 8" [_thread_blocked, id=12552, stack(0x000000002e710000,0x000000002e810000)]
  0x0000000023470800 JavaThread "WorkerExecutor Queue Thread 7" [_thread_blocked, id=13448, stack(0x000000002e610000,0x000000002e710000)]
  0x0000000023470000 JavaThread "WorkerExecutor Queue Thread 6" [_thread_blocked, id=9548, stack(0x000000002e370000,0x000000002e470000)]
  0x000000002346d000 JavaThread "WorkerExecutor Queue Thread 5" [_thread_blocked, id=6008, stack(0x000000002e270000,0x000000002e370000)]
  0x0000000023468800 JavaThread "WorkerExecutor Queue Thread 4" [_thread_blocked, id=7724, stack(0x000000002e170000,0x000000002e270000)]
  0x000000002346c000 JavaThread "WorkerExecutor Queue Thread 3" [_thread_in_native, id=13372, stack(0x000000002e070000,0x000000002e170000)]
  0x000000002346f000 JavaThread "WorkerExecutor Queue Thread 2" [_thread_blocked, id=11968, stack(0x000000002df70000,0x000000002e070000)]
  0x000000002346a000 JavaThread "WorkerExecutor Queue" [_thread_blocked, id=1556, stack(0x000000002de70000,0x000000002df70000)]
  0x0000000023469000 JavaThread "Cache worker for execution history cache (C:\Users\Alex\AndroidStudioProjects\Mornhouse\.gradle\6.5\executionHistory)" [_thread_blocked, id=16168, stack(0x000000002d800000,0x000000002d900000)]
  0x000000002346d800 JavaThread "Execution worker for ':' Thread 7" [_thread_blocked, id=8572, stack(0x000000002d700000,0x000000002d800000)]
  0x000000001fbf8000 JavaThread "Execution worker for ':' Thread 6" [_thread_in_Java, id=14000, stack(0x000000002d600000,0x000000002d700000)]
  0x000000001fbf9800 JavaThread "Execution worker for ':' Thread 5" [_thread_blocked, id=5688, stack(0x000000002d500000,0x000000002d600000)]
  0x000000001fbf7800 JavaThread "Execution worker for ':' Thread 4" [_thread_blocked, id=1328, stack(0x000000002d400000,0x000000002d500000)]
  0x000000001fbfd800 JavaThread "Execution worker for ':' Thread 3" [_thread_blocked, id=8752, stack(0x000000002d300000,0x000000002d400000)]
  0x000000001fbf6800 JavaThread "Execution worker for ':' Thread 2" [_thread_blocked, id=11484, stack(0x000000002d200000,0x000000002d300000)]
  0x000000001fbf9000 JavaThread "Execution worker for ':'" [_thread_blocked, id=12536, stack(0x000000002d100000,0x000000002d200000)]
  0x000000001fbf6000 JavaThread "Cache worker for file content cache (C:\Users\Alex\AndroidStudioProjects\Mornhouse\.gradle\6.5\fileContent)" [_thread_blocked, id=7760, stack(0x000000002cba0000,0x000000002cca0000)]
  0x000000001fbfa800 JavaThread "Memory manager" [_thread_blocked, id=8000, stack(0x000000002caa0000,0x000000002cba0000)]
  0x000000001fbfb000 JavaThread "Cache worker for Build Output Cleanup Cache (C:\Users\Alex\AndroidStudioProjects\Mornhouse\.gradle\buildOutputCleanup)" [_thread_blocked, id=1324, stack(0x0000000023d50000,0x0000000023e50000)]
  0x000000001fbfc000 JavaThread "jar transforms Thread 92" [_thread_blocked, id=12616, stack(0x000000002a990000,0x000000002aa90000)]
  0x000000001fbfc800 JavaThread "jar transforms Thread 91" [_thread_blocked, id=6756, stack(0x000000002a890000,0x000000002a990000)]
  0x000000001fbf0000 JavaThread "jar transforms Thread 90" [_thread_blocked, id=12540, stack(0x000000002a790000,0x000000002a890000)]
  0x000000001fbee800 JavaThread "jar transforms Thread 89" [_thread_blocked, id=2996, stack(0x000000002a690000,0x000000002a790000)]
  0x000000001fbf4800 JavaThread "jar transforms Thread 88" [_thread_blocked, id=8736, stack(0x000000002a590000,0x000000002a690000)]
  0x000000001fbf2000 JavaThread "jar transforms Thread 87" [_thread_blocked, id=6156, stack(0x000000002a490000,0x000000002a590000)]
  0x000000001fbf3800 JavaThread "jar transforms Thread 86" [_thread_blocked, id=10560, stack(0x000000002a390000,0x000000002a490000)]
  0x000000001fbf5000 JavaThread "jar transforms Thread 85" [_thread_blocked, id=16380, stack(0x000000002a290000,0x000000002a390000)]
  0x000000001fbf1800 JavaThread "jar transforms Thread 84" [_thread_blocked, id=6228, stack(0x000000002a190000,0x000000002a290000)]
  0x000000001fbf3000 JavaThread "jar transforms Thread 83" [_thread_blocked, id=7380, stack(0x000000002a090000,0x000000002a190000)]
  0x000000001fbf0800 JavaThread "jar transforms Thread 82" [_thread_blocked, id=9512, stack(0x0000000029f90000,0x000000002a090000)]
  0x000000001fbef000 JavaThread "jar transforms Thread 81" [_thread_blocked, id=6700, stack(0x0000000029e90000,0x0000000029f90000)]
  0x000000001fe9e800 JavaThread "jar transforms Thread 80" [_thread_blocked, id=13076, stack(0x0000000029d90000,0x0000000029e90000)]
  0x000000001fe9d000 JavaThread "jar transforms Thread 79" [_thread_blocked, id=12308, stack(0x0000000029c90000,0x0000000029d90000)]
  0x000000001fe9e000 JavaThread "jar transforms Thread 78" [_thread_blocked, id=13064, stack(0x0000000029b90000,0x0000000029c90000)]
  0x000000001fe9c800 JavaThread "jar transforms Thread 77" [_thread_blocked, id=12476, stack(0x0000000029a90000,0x0000000029b90000)]
  0x000000001fea1000 JavaThread "jar transforms Thread 76" [_thread_blocked, id=1576, stack(0x0000000029990000,0x0000000029a90000)]
  0x000000001fea0000 JavaThread "jar transforms Thread 75" [_thread_blocked, id=8336, stack(0x0000000029890000,0x0000000029990000)]
  0x000000001fea2800 JavaThread "jar transforms Thread 74" [_thread_blocked, id=10764, stack(0x0000000029790000,0x0000000029890000)]
  0x000000001fea1800 JavaThread "jar transforms Thread 73" [_thread_blocked, id=6876, stack(0x0000000029690000,0x0000000029790000)]
  0x000000001fe9b800 JavaThread "jar transforms Thread 72" [_thread_blocked, id=7036, stack(0x0000000029590000,0x0000000029690000)]
  0x000000001fe9f800 JavaThread "jar transforms Thread 71" [_thread_blocked, id=1432, stack(0x0000000029490000,0x0000000029590000)]
  0x000000001fe95000 JavaThread "jar transforms Thread 70" [_thread_blocked, id=16336, stack(0x0000000029390000,0x0000000029490000)]
  0x000000001fe99800 JavaThread "jar transforms Thread 69" [_thread_blocked, id=9644, stack(0x0000000029290000,0x0000000029390000)]
  0x000000001fe98800 JavaThread "jar transforms Thread 68" [_thread_blocked, id=13252, stack(0x0000000029190000,0x0000000029290000)]
  0x000000001fe97000 JavaThread "jar transforms Thread 67" [_thread_blocked, id=12272, stack(0x0000000029090000,0x0000000029190000)]
  0x000000001fe96800 JavaThread "jar transforms Thread 66" [_thread_blocked, id=5740, stack(0x0000000028f90000,0x0000000029090000)]
  0x000000001fe95800 JavaThread "jar transforms Thread 65" [_thread_blocked, id=1616, stack(0x0000000028e90000,0x0000000028f90000)]
  0x000000001fe9b000 JavaThread "jar transforms Thread 64" [_thread_blocked, id=9808, stack(0x0000000028d90000,0x0000000028e90000)]
  0x000000001fe93800 JavaThread "jar transforms Thread 63" [_thread_blocked, id=9800, stack(0x0000000028c90000,0x0000000028d90000)]
  0x000000001fe94000 JavaThread "jar transforms Thread 62" [_thread_blocked, id=6116, stack(0x0000000028b90000,0x0000000028c90000)]
  0x000000001fe98000 JavaThread "jar transforms Thread 61" [_thread_blocked, id=7424, stack(0x0000000028a90000,0x0000000028b90000)]
  0x000000001fe9a000 JavaThread "jar transforms Thread 60" [_thread_blocked, id=11584, stack(0x0000000028990000,0x0000000028a90000)]
  0x000000001ff0f000 JavaThread "jar transforms Thread 59" [_thread_blocked, id=11844, stack(0x0000000028890000,0x0000000028990000)]
  0x000000001ff0a800 JavaThread "jar transforms Thread 58" [_thread_blocked, id=8016, stack(0x0000000028790000,0x0000000028890000)]
  0x000000001ff0a000 JavaThread "jar transforms Thread 57" [_thread_blocked, id=8144, stack(0x0000000028690000,0x0000000028790000)]
  0x000000001ff0e800 JavaThread "jar transforms Thread 56" [_thread_blocked, id=13548, stack(0x0000000028590000,0x0000000028690000)]
  0x000000001ff0d800 JavaThread "jar transforms Thread 55" [_thread_blocked, id=5816, stack(0x0000000028490000,0x0000000028590000)]
  0x000000001ff0d000 JavaThread "jar transforms Thread 54" [_thread_blocked, id=9908, stack(0x0000000028390000,0x0000000028490000)]
  0x000000001ff10000 JavaThread "jar transforms Thread 53" [_thread_blocked, id=2804, stack(0x0000000028290000,0x0000000028390000)]
  0x000000001ff05800 JavaThread "jar transforms Thread 52" [_thread_blocked, id=2216, stack(0x0000000028190000,0x0000000028290000)]
  0x000000001ff09000 JavaThread "jar transforms Thread 51" [_thread_blocked, id=604, stack(0x0000000028090000,0x0000000028190000)]
  0x000000001ff0b800 JavaThread "jar transforms Thread 50" [_thread_blocked, id=13284, stack(0x0000000027f90000,0x0000000028090000)]
  0x000000001ff0c000 JavaThread "jar transforms Thread 49" [_thread_blocked, id=13512, stack(0x0000000027e90000,0x0000000027f90000)]
  0x000000001ff02800 JavaThread "jar transforms Thread 48" [_thread_blocked, id=4064, stack(0x0000000027d90000,0x0000000027e90000)]
  0x000000001ff01800 JavaThread "jar transforms Thread 47" [_thread_blocked, id=5200, stack(0x0000000027c90000,0x0000000027d90000)]
  0x000000001ff03000 JavaThread "jar transforms Thread 46" [_thread_blocked, id=5532, stack(0x0000000027b90000,0x0000000027c90000)]
  0x000000001ff06000 JavaThread "jar transforms Thread 45" [_thread_blocked, id=9020, stack(0x0000000027a90000,0x0000000027b90000)]
  0x000000001ff04800 JavaThread "jar transforms Thread 44" [_thread_blocked, id=14680, stack(0x0000000027990000,0x0000000027a90000)]
  0x000000001ff07800 JavaThread "jar transforms Thread 43" [_thread_blocked, id=1436, stack(0x0000000027890000,0x0000000027990000)]
  0x000000001ff08800 JavaThread "jar transforms Thread 42" [_thread_blocked, id=2468, stack(0x0000000027790000,0x0000000027890000)]
  0x000000001ff04000 JavaThread "jar transforms Thread 41" [_thread_blocked, id=13664, stack(0x0000000027690000,0x0000000027790000)]
  0x000000001ff07000 JavaThread "jar transforms Thread 40" [_thread_blocked, id=7152, stack(0x0000000027590000,0x0000000027690000)]
  0x000000001ff01000 JavaThread "jar transforms Thread 39" [_thread_blocked, id=16240, stack(0x0000000027490000,0x0000000027590000)]
  0x000000001ee0c000 JavaThread "jar transforms Thread 38" [_thread_blocked, id=8104, stack(0x0000000027390000,0x0000000027490000)]
  0x000000001ee0c800 JavaThread "jar transforms Thread 37" [_thread_blocked, id=12400, stack(0x0000000027290000,0x0000000027390000)]
  0x000000001ee0b000 JavaThread "jar transforms Thread 36" [_thread_blocked, id=752, stack(0x0000000027190000,0x0000000027290000)]
  0x000000001ee0d800 JavaThread "jar transforms Thread 35" [_thread_blocked, id=9812, stack(0x0000000027090000,0x0000000027190000)]
  0x000000001ee0a800 JavaThread "jar transforms Thread 34" [_thread_blocked, id=8324, stack(0x0000000026f90000,0x0000000027090000)]
  0x000000001ee03000 JavaThread "jar transforms Thread 33" [_thread_blocked, id=13136, stack(0x0000000026e90000,0x0000000026f90000)]
  0x000000001ee09800 JavaThread "jar transforms Thread 32" [_thread_blocked, id=3972, stack(0x0000000026d90000,0x0000000026e90000)]
  0x000000001ee09000 JavaThread "jar transforms Thread 31" [_thread_blocked, id=3900, stack(0x0000000026c90000,0x0000000026d90000)]
  0x000000001ee08000 JavaThread "jar transforms Thread 30" [_thread_blocked, id=13908, stack(0x0000000026b90000,0x0000000026c90000)]
  0x000000001ee01800 JavaThread "jar transforms Thread 29" [_thread_blocked, id=7544, stack(0x0000000026a90000,0x0000000026b90000)]
  0x000000001ee07800 JavaThread "jar transforms Thread 28" [_thread_blocked, id=13084, stack(0x0000000026990000,0x0000000026a90000)]
  0x000000001ee00000 JavaThread "jar transforms Thread 27" [_thread_blocked, id=12200, stack(0x0000000026890000,0x0000000026990000)]
  0x000000001ee02000 JavaThread "jar transforms Thread 26" [_thread_blocked, id=16324, stack(0x0000000026790000,0x0000000026890000)]
  0x000000001ee04800 JavaThread "jar transforms Thread 25" [_thread_blocked, id=10256, stack(0x0000000026690000,0x0000000026790000)]
  0x000000001ee06800 JavaThread "jar transforms Thread 24" [_thread_blocked, id=15884, stack(0x0000000026590000,0x0000000026690000)]
  0x000000001edff000 JavaThread "jar transforms Thread 23" [_thread_blocked, id=8952, stack(0x0000000026490000,0x0000000026590000)]
  0x000000001ee06000 JavaThread "jar transforms Thread 22" [_thread_blocked, id=1580, stack(0x0000000026390000,0x0000000026490000)]
  0x000000001ee03800 JavaThread "jar transforms Thread 21" [_thread_blocked, id=8064, stack(0x0000000026090000,0x0000000026190000)]
  0x000000001ee00800 JavaThread "jar transforms Thread 20" [_thread_blocked, id=2604, stack(0x0000000025f90000,0x0000000026090000)]
  0x000000001edfe800 JavaThread "jar transforms Thread 19" [_thread_blocked, id=14080, stack(0x0000000025e90000,0x0000000025f90000)]
  0x000000001ee05000 JavaThread "jar transforms Thread 18" [_thread_blocked, id=13488, stack(0x0000000025d90000,0x0000000025e90000)]
  0x000000001a768000 JavaThread "jar transforms Thread 17" [_thread_blocked, id=8680, stack(0x0000000025c90000,0x0000000025d90000)]
  0x000000001a76a000 JavaThread "jar transforms Thread 16" [_thread_blocked, id=9844, stack(0x0000000025b90000,0x0000000025c90000)]
  0x000000001a765800 JavaThread "jar transforms Thread 15" [_thread_blocked, id=7400, stack(0x0000000025a90000,0x0000000025b90000)]
  0x000000001a764000 JavaThread "jar transforms Thread 14" [_thread_blocked, id=1148, stack(0x0000000025990000,0x0000000025a90000)]
  0x000000001a768800 JavaThread "jar transforms Thread 13" [_thread_blocked, id=1228, stack(0x0000000025890000,0x0000000025990000)]
  0x000000001a766800 JavaThread "jar transforms Thread 12" [_thread_blocked, id=3308, stack(0x0000000025790000,0x0000000025890000)]
  0x000000001a765000 JavaThread "jar transforms Thread 11" [_thread_blocked, id=7944, stack(0x0000000025690000,0x0000000025790000)]
  0x000000001a767000 JavaThread "jar transforms Thread 10" [_thread_blocked, id=2044, stack(0x0000000025590000,0x0000000025690000)]
  0x000000001a769800 JavaThread "jar transforms Thread 9" [_thread_blocked, id=9980, stack(0x0000000025490000,0x0000000025590000)]
  0x000000001a763800 JavaThread "jar transforms Thread 8" [_thread_blocked, id=14224, stack(0x0000000025390000,0x0000000025490000)]
  0x000000001c330800 JavaThread "jar transforms Thread 7" [_thread_blocked, id=6072, stack(0x0000000025290000,0x0000000025390000)]
  0x000000001c331800 JavaThread "jar transforms Thread 6" [_thread_blocked, id=2396, stack(0x0000000025190000,0x0000000025290000)]
  0x000000001c330000 JavaThread "jar transforms Thread 5" [_thread_blocked, id=14052, stack(0x0000000025090000,0x0000000025190000)]
  0x000000001c32f000 JavaThread "jar transforms Thread 4" [_thread_blocked, id=3896, stack(0x0000000024f90000,0x0000000025090000)]
  0x000000001c32e800 JavaThread "jar transforms Thread 3" [_thread_blocked, id=15396, stack(0x0000000024e90000,0x0000000024f90000)]
  0x000000001c32d800 JavaThread "jar transforms Thread 2" [_thread_blocked, id=9068, stack(0x0000000024d90000,0x0000000024e90000)]
  0x000000001c326000 JavaThread "Build operations Thread 8" [_thread_blocked, id=7264, stack(0x0000000024c90000,0x0000000024d90000)]
  0x000000001c32d000 JavaThread "Build operations Thread 7" [_thread_blocked, id=9936, stack(0x0000000024a90000,0x0000000024b90000)]
  0x000000001c327000 JavaThread "Build operations Thread 6" [_thread_blocked, id=2680, stack(0x0000000024990000,0x0000000024a90000)]
  0x000000001c32c000 JavaThread "Build operations Thread 5" [_thread_blocked, id=4704, stack(0x0000000024890000,0x0000000024990000)]
  0x000000001c324800 JavaThread "Build operations Thread 4" [_thread_blocked, id=12260, stack(0x0000000024790000,0x0000000024890000)]
  0x000000001c32b800 JavaThread "Build operations Thread 3" [_thread_blocked, id=13688, stack(0x0000000024690000,0x0000000024790000)]
  0x000000001c32a800 JavaThread "Build operations Thread 2" [_thread_blocked, id=13184, stack(0x0000000024590000,0x0000000024690000)]
  0x000000001c323000 JavaThread "Build operations" [_thread_blocked, id=10164, stack(0x0000000024490000,0x0000000024590000)]
  0x000000001c329000 JavaThread "Cache worker for file content cache (C:\Users\Alex\.gradle\caches\6.5\fileContent)" [_thread_blocked, id=3312, stack(0x0000000022a80000,0x0000000022b80000)]
  0x000000001c324000 JavaThread "jar transforms" [_thread_blocked, id=11748, stack(0x0000000022580000,0x0000000022680000)]
  0x000000001b4ed800 JavaThread "Cache worker for execution history cache (C:\Users\Alex\.gradle\caches\6.5\executionHistory)" [_thread_in_Java, id=13240, stack(0x0000000022280000,0x0000000022380000)]
  0x000000001b4ea000 JavaThread "Cache worker for cache directory md-rule (C:\Users\Alex\.gradle\caches\6.5\md-rule)" [_thread_blocked, id=16148, stack(0x0000000020ee0000,0x0000000020fe0000)]
  0x000000001b4ea800 JavaThread "Cache worker for cache directory md-supplier (C:\Users\Alex\.gradle\caches\6.5\md-supplier)" [_thread_blocked, id=14856, stack(0x0000000020a20000,0x0000000020b20000)]
  0x000000001b4e9000 JavaThread "Cache worker for checksums cache (C:\Users\Alex\AndroidStudioProjects\Mornhouse\.gradle\checksums)" [_thread_blocked, id=15952, stack(0x0000000020920000,0x0000000020a20000)]
  0x000000001b4ef000 JavaThread "Cache worker for file hash cache (C:\Users\Alex\AndroidStudioProjects\Mornhouse\.gradle\6.5\fileHashes)" [_thread_blocked, id=8644, stack(0x0000000020bd0000,0x0000000020cd0000)]
  0x000000001b4ee800 JavaThread "Cache worker for file hash cache (C:\Users\Alex\.gradle\caches\6.5\fileHashes)" [_thread_blocked, id=2824, stack(0x000000001e680000,0x000000001e780000)]
  0x000000001b4f0000 JavaThread "File lock request listener" [_thread_in_native, id=10632, stack(0x000000001e580000,0x000000001e680000)]
  0x000000001b4ed000 JavaThread "Cache worker for journal cache (C:\Users\Alex\.gradle\caches\journal-1)" [_thread_blocked, id=5292, stack(0x000000001e480000,0x000000001e580000)]
  0x000000001b4ec000 JavaThread "Thread-9" [_thread_blocked, id=3476, stack(0x000000001e180000,0x000000001e280000)]
  0x000000001b4eb800 JavaThread "Stdin handler" [_thread_blocked, id=13604, stack(0x000000001e080000,0x000000001e180000)]
  0x000000001b9a3000 JavaThread "Asynchronous log dispatcher for DefaultDaemonConnection: socket connection from /127.0.0.1:61736 to /127.0.0.1:61737" [_thread_blocked, id=6120, stack(0x000000001df80000,0x000000001e080000)]
  0x000000001c0ba800 JavaThread "Daemon worker" [_thread_blocked, id=5828, stack(0x000000001de80000,0x000000001df80000)]
  0x000000001b7b8800 JavaThread "Cancel handler" [_thread_blocked, id=4204, stack(0x000000001dd80000,0x000000001de80000)]
  0x000000001b3f6000 JavaThread "Handler for socket connection from /127.0.0.1:61736 to /127.0.0.1:61737" [_thread_in_native, id=12880, stack(0x000000001dc80000,0x000000001dd80000)]
  0x000000001c083000 JavaThread "Daemon" [_thread_blocked, id=3848, stack(0x000000001d980000,0x000000001da80000)]
  0x000000001c017800 JavaThread "Daemon periodic checks" [_thread_blocked, id=11432, stack(0x000000001d880000,0x000000001d980000)]
  0x000000001bf49000 JavaThread "Incoming local TCP Connector on port 61736" [_thread_in_native, id=13388, stack(0x000000001d620000,0x000000001d720000)]
  0x000000001bfd4800 JavaThread "Daemon health stats" [_thread_blocked, id=13944, stack(0x000000001cfc0000,0x000000001d0c0000)]
  0x00000000197aa800 JavaThread "Service Thread" daemon [_thread_blocked, id=10956, stack(0x000000001a420000,0x000000001a520000)]
  0x000000001971d000 JavaThread "C1 CompilerThread3" daemon [_thread_in_vm, id=4980, stack(0x000000001a320000,0x000000001a420000)]
  0x0000000019719000 JavaThread "C2 CompilerThread2" daemon [_thread_in_native, id=13588, stack(0x000000001a220000,0x000000001a320000)]
  0x000000001791c800 JavaThread "C2 CompilerThread1" daemon [_thread_in_native, id=9364, stack(0x000000001a120000,0x000000001a220000)]
=>0x0000000017919800 JavaThread "C2 CompilerThread0" daemon [_thread_in_native, id=9788, stack(0x000000001a020000,0x000000001a120000)]
  0x0000000019713000 JavaThread "Attach Listener" daemon [_thread_blocked, id=14016, stack(0x0000000019f20000,0x000000001a020000)]
  0x0000000019712800 JavaThread "Signal Dispatcher" daemon [_thread_blocked, id=8816, stack(0x0000000019e20000,0x0000000019f20000)]
  0x0000000019701800 JavaThread "Finalizer" daemon [_thread_blocked, id=15208, stack(0x0000000019be0000,0x0000000019ce0000)]
  0x0000000019700800 JavaThread "Reference Handler" daemon [_thread_blocked, id=14124, stack(0x0000000019ae0000,0x0000000019be0000)]
  0x000000000279d800 JavaThread "main" [_thread_blocked, id=10448, stack(0x0000000002640000,0x0000000002740000)]

Other Threads:
  0x0000000017908000 VMThread [stack: 0x00000000195e0000,0x00000000196e0000] [id=15692]
  0x000000001973b000 WatcherThread [stack: 0x000000001a520000,0x000000001a620000] [id=16004]

VM state:not at safepoint (normal execution)

VM Mutex/Monitor currently owned by a thread: None

heap address: 0x0000000080000000, size: 2048 MB, Compressed Oops mode: 32-bit
Narrow klass base: 0x0000000000000000, Narrow klass shift: 3
Compressed class space size: 1073741824 Address: 0x0000000100000000

Heap:
 PSYoungGen      total 235008K, used 55989K [0x00000000d5580000, 0x00000000e5600000, 0x0000000100000000)
  eden space 214528K, 16% used [0x00000000d5580000,0x00000000d7832718,0x00000000e2700000)
  from space 20480K, 99% used [0x00000000e2700000,0x00000000e3afb018,0x00000000e3b00000)
  to   space 20480K, 0% used [0x00000000e3b00000,0x00000000e3b00000,0x00000000e4f00000)
 ParOldGen       total 116224K, used 33748K [0x0000000080000000, 0x0000000087180000, 0x00000000d5580000)
  object space 116224K, 29% used [0x0000000080000000,0x00000000820f5398,0x0000000087180000)
 Metaspace       used 65773K, capacity 69274K, committed 69416K, reserved 1110016K
  class space    used 9080K, capacity 9754K, committed 9776K, reserved 1048576K

Card table byte_map: [0x0000000011c60000,0x0000000012070000] byte_map_base: 0x0000000011860000

Marking Bits: (ParMarkBitMap*) 0x0000000068eaf030
 Begin Bits: [0x0000000012b20000, 0x0000000014b20000)
 End Bits:   [0x0000000014b20000, 0x0000000016b20000)

Polling page: 0x0000000000de0000

CodeCache: size=245760Kb used=23353Kb max_used=23353Kb free=222406Kb
 bounds [0x00000000028a0000, 0x0000000003f90000, 0x00000000118a0000]
 total_blobs=7858 nmethods=7063 adapters=707
 compilation: enabled

Compilation events (10 events):
Event: 7.546 Thread 0x000000001971d000 nmethod 8025 0x0000000003f7c890 code [0x0000000003f7c9e0, 0x0000000003f7caf0]
Event: 7.546 Thread 0x000000001971d000 8026       1       org.gradle.internal.Pair::getLeft (5 bytes)
Event: 7.546 Thread 0x000000001971d000 nmethod 8026 0x0000000003f7cb50 code [0x0000000003f7cca0, 0x0000000003f7cdb0]
Event: 7.546 Thread 0x000000001971d000 8027       1       org.gradle.api.internal.artifacts.ivyservice.resolveengine.artifact.DefaultArtifactSet::getComponentId (5 bytes)
Event: 7.546 Thread 0x000000001971d000 nmethod 8027 0x0000000003f7ce10 code [0x0000000003f7cf60, 0x0000000003f7d070]
Event: 7.546 Thread 0x000000001971d000 8016       1       org.gradle.api.internal.artifacts.configurations.DefaultConfiguration::isVisible (5 bytes)
Event: 7.546 Thread 0x000000001971d000 nmethod 8016 0x0000000003f7d0d0 code [0x0000000003f7d220, 0x0000000003f7d330]
Event: 7.547 Thread 0x000000001971d000 8028       2       org.gradle.api.internal.artifacts.transform.CacheableInvocation$1::getCachedResult (22 bytes)
Event: 7.548 Thread 0x000000001971d000 nmethod 8028 0x0000000003f7d390 code [0x0000000003f7d520, 0x0000000003f7d908]
Event: 7.548 Thread 0x000000001971d000 8029       2       org.gradle.api.internal.artifacts.transform.DefaultTransformerInvocationFactory$1::getCachedResult (25 bytes)

GC Heap History (10 events):
Event: 3.728 GC heap before
{Heap before GC invocations=12 (full 2):
 PSYoungGen      total 138240K, used 126976K [0x00000000d5580000, 0x00000000e1800000, 0x0000000100000000)
  eden space 126976K, 100% used [0x00000000d5580000,0x00000000dd180000,0x00000000dd180000)
  from space 11264K, 0% used [0x00000000dd180000,0x00000000dd180000,0x00000000ddc80000)
  to   space 13824K, 0% used [0x00000000e0a80000,0x00000000e0a80000,0x00000000e1800000)
 ParOldGen       total 78336K, used 19027K [0x0000000080000000, 0x0000000084c80000, 0x00000000d5580000)
  object space 78336K, 24% used [0x0000000080000000,0x0000000081294f28,0x0000000084c80000)
 Metaspace       used 39097K, capacity 40976K, committed 41256K, reserved 1085440K
  class space    used 5419K, capacity 5834K, committed 5936K, reserved 1048576K
Event: 3.738 GC heap after
Heap after GC invocations=12 (full 2):
 PSYoungGen      total 176128K, used 9675K [0x00000000d5580000, 0x00000000e1400000, 0x0000000100000000)
  eden space 166400K, 0% used [0x00000000d5580000,0x00000000d5580000,0x00000000df800000)
  from space 9728K, 99% used [0x00000000e0a80000,0x00000000e13f2d90,0x00000000e1400000)
  to   space 13824K, 0% used [0x00000000df900000,0x00000000df900000,0x00000000e0680000)
 ParOldGen       total 78336K, used 19035K [0x0000000080000000, 0x0000000084c80000, 0x00000000d5580000)
  object space 78336K, 24% used [0x0000000080000000,0x0000000081296f28,0x0000000084c80000)
 Metaspace       used 39097K, capacity 40976K, committed 41256K, reserved 1085440K
  class space    used 5419K, capacity 5834K, committed 5936K, reserved 1048576K
}
Event: 5.079 GC heap before
{Heap before GC invocations=13 (full 2):
 PSYoungGen      total 176128K, used 176075K [0x00000000d5580000, 0x00000000e1400000, 0x0000000100000000)
  eden space 166400K, 100% used [0x00000000d5580000,0x00000000df800000,0x00000000df800000)
  from space 9728K, 99% used [0x00000000e0a80000,0x00000000e13f2d90,0x00000000e1400000)
  to   space 13824K, 0% used [0x00000000df900000,0x00000000df900000,0x00000000e0680000)
 ParOldGen       total 78336K, used 19035K [0x0000000080000000, 0x0000000084c80000, 0x00000000d5580000)
  object space 78336K, 24% used [0x0000000080000000,0x0000000081296f28,0x0000000084c80000)
 Metaspace       used 55337K, capacity 57688K, committed 58024K, reserved 1099776K
  class space    used 7561K, capacity 8069K, committed 8112K, reserved 1048576K
Event: 5.103 GC heap after
Heap after GC invocations=13 (full 2):
 PSYoungGen      total 181248K, used 13796K [0x00000000d5580000, 0x00000000e4f00000, 0x0000000100000000)
  eden space 167424K, 0% used [0x00000000d5580000,0x00000000d5580000,0x00000000df900000)
  from space 13824K, 99% used [0x00000000df900000,0x00000000e0679330,0x00000000e0680000)
  to   space 20480K, 0% used [0x00000000e3b00000,0x00000000e3b00000,0x00000000e4f00000)
 ParOldGen       total 78336K, used 31831K [0x0000000080000000, 0x0000000084c80000, 0x00000000d5580000)
  object space 78336K, 40% used [0x0000000080000000,0x0000000081f15d60,0x0000000084c80000)
 Metaspace       used 55337K, capacity 57688K, committed 58024K, reserved 1099776K
  class space    used 7561K, capacity 8069K, committed 8112K, reserved 1048576K
}
Event: 5.289 GC heap before
{Heap before GC invocations=14 (full 2):
 PSYoungGen      total 181248K, used 37311K [0x00000000d5580000, 0x00000000e4f00000, 0x0000000100000000)
  eden space 167424K, 14% used [0x00000000d5580000,0x00000000d6c769f8,0x00000000df900000)
  from space 13824K, 99% used [0x00000000df900000,0x00000000e0679330,0x00000000e0680000)
  to   space 20480K, 0% used [0x00000000e3b00000,0x00000000e3b00000,0x00000000e4f00000)
 ParOldGen       total 78336K, used 31831K [0x0000000080000000, 0x0000000084c80000, 0x00000000d5580000)
  object space 78336K, 40% used [0x0000000080000000,0x0000000081f15d60,0x0000000084c80000)
 Metaspace       used 56650K, capacity 59092K, committed 59160K, reserved 1099776K
  class space    used 7779K, capacity 8301K, committed 8368K, reserved 1048576K
Event: 5.301 GC heap after
Heap after GC invocations=14 (full 2):
 PSYoungGen      total 235008K, used 1984K [0x00000000d5580000, 0x00000000e5600000, 0x0000000100000000)
  eden space 214528K, 0% used [0x00000000d5580000,0x00000000d5580000,0x00000000e2700000)
  from space 20480K, 9% used [0x00000000e3b00000,0x00000000e3cf0000,0x00000000e4f00000)
  to   space 20480K, 0% used [0x00000000e2700000,0x00000000e2700000,0x00000000e3b00000)
 ParOldGen       total 78336K, used 45481K [0x0000000080000000, 0x0000000084c80000, 0x00000000d5580000)
  object space 78336K, 58% used [0x0000000080000000,0x0000000082c6a460,0x0000000084c80000)
 Metaspace       used 56650K, capacity 59092K, committed 59160K, reserved 1099776K
  class space    used 7779K, capacity 8301K, committed 8368K, reserved 1048576K
}
Event: 5.301 GC heap before
{Heap before GC invocations=15 (full 3):
 PSYoungGen      total 235008K, used 1984K [0x00000000d5580000, 0x00000000e5600000, 0x0000000100000000)
  eden space 214528K, 0% used [0x00000000d5580000,0x00000000d5580000,0x00000000e2700000)
  from space 20480K, 9% used [0x00000000e3b00000,0x00000000e3cf0000,0x00000000e4f00000)
  to   space 20480K, 0% used [0x00000000e2700000,0x00000000e2700000,0x00000000e3b00000)
 ParOldGen       total 78336K, used 45481K [0x0000000080000000, 0x0000000084c80000, 0x00000000d5580000)
  object space 78336K, 58% used [0x0000000080000000,0x0000000082c6a460,0x0000000084c80000)
 Metaspace       used 56650K, capacity 59092K, committed 59160K, reserved 1099776K
  class space    used 7779K, capacity 8301K, committed 8368K, reserved 1048576K
Event: 5.441 GC heap after
Heap after GC invocations=15 (full 3):
 PSYoungGen      total 235008K, used 0K [0x00000000d5580000, 0x00000000e5600000, 0x0000000100000000)
  eden space 214528K, 0% used [0x00000000d5580000,0x00000000d5580000,0x00000000e2700000)
  from space 20480K, 0% used [0x00000000e3b00000,0x00000000e3b00000,0x00000000e4f00000)
  to   space 20480K, 0% used [0x00000000e2700000,0x00000000e2700000,0x00000000e3b00000)
 ParOldGen       total 116224K, used 31779K [0x0000000080000000, 0x0000000087180000, 0x00000000d5580000)
  object space 116224K, 27% used [0x0000000080000000,0x0000000081f08c68,0x0000000087180000)
 Metaspace       used 56609K, capacity 58954K, committed 59160K, reserved 1099776K
  class space    used 7766K, capacity 8278K, committed 8368K, reserved 1048576K
}
Event: 7.214 GC heap before
{Heap before GC invocations=16 (full 3):
 PSYoungGen      total 235008K, used 214528K [0x00000000d5580000, 0x00000000e5600000, 0x0000000100000000)
  eden space 214528K, 100% used [0x00000000d5580000,0x00000000e2700000,0x00000000e2700000)
  from space 20480K, 0% used [0x00000000e3b00000,0x00000000e3b00000,0x00000000e4f00000)
  to   space 20480K, 0% used [0x00000000e2700000,0x00000000e2700000,0x00000000e3b00000)
 ParOldGen       total 116224K, used 31779K [0x0000000080000000, 0x0000000087180000, 0x00000000d5580000)
  object space 116224K, 27% used [0x0000000080000000,0x0000000081f08c68,0x0000000087180000)
 Metaspace       used 65148K, capacity 68524K, committed 68648K, reserved 1107968K
  class space    used 9006K, capacity 9661K, committed 9776K, reserved 1048576K
Event: 7.234 GC heap after
Heap after GC invocations=16 (full 3):
 PSYoungGen      total 235008K, used 20460K [0x00000000d5580000, 0x00000000e5600000, 0x0000000100000000)
  eden space 214528K, 0% used [0x00000000d5580000,0x00000000d5580000,0x00000000e2700000)
  from space 20480K, 99% used [0x00000000e2700000,0x00000000e3afb018,0x00000000e3b00000)
  to   space 20480K, 0% used [0x00000000e3b00000,0x00000000e3b00000,0x00000000e4f00000)
 ParOldGen       total 116224K, used 33748K [0x0000000080000000, 0x0000000087180000, 0x00000000d5580000)
  object space 116224K, 29% used [0x0000000080000000,0x00000000820f5398,0x0000000087180000)
 Metaspace       used 65148K, capacity 68524K, committed 68648K, reserved 1107968K
  class space    used 9006K, capacity 9661K, committed 9776K, reserved 1048576K
}

Deoptimization events (10 events):
Event: 7.356 Thread 0x000000001fbf7800 Uncommon trap: reason=bimorphic action=maybe_recompile pc=0x0000000003e47e74 method=com.sun.org.apache.xerces.internal.dom.ParentNode.checkNormalizationAfterInsert(Lcom/sun/org/apache/xerces/internal/dom/ChildNode;)V @ 23
Event: 7.358 Thread 0x000000001fbf7800 Uncommon trap: reason=unstable_if action=reinterpret pc=0x0000000003ecfe9c method=com.google.common.collect.AbstractMapBasedMultimap$WrappedCollection.refreshIfEmpty()V @ 45
Event: 7.363 Thread 0x000000001fbf7800 Uncommon trap: reason=class_check action=maybe_recompile pc=0x0000000003e93e78 method=com.sun.org.apache.xerces.internal.dom.ElementImpl.getAttributes()Lorg/w3c/dom/NamedNodeMap; @ 8
Event: 7.368 Thread 0x000000001fbf7800 Uncommon trap: reason=class_check action=maybe_recompile pc=0x0000000003e93e78 method=com.sun.org.apache.xerces.internal.dom.ElementImpl.getAttributes()Lorg/w3c/dom/NamedNodeMap; @ 8
Event: 7.368 Thread 0x000000001fbf7800 Uncommon trap: reason=class_check action=maybe_recompile pc=0x0000000003e93e78 method=com.sun.org.apache.xerces.internal.dom.ElementImpl.getAttributes()Lorg/w3c/dom/NamedNodeMap; @ 8
Event: 7.369 Thread 0x000000001fbf7800 Uncommon trap: reason=class_check action=maybe_recompile pc=0x0000000003e93e78 method=com.sun.org.apache.xerces.internal.dom.ElementImpl.getAttributes()Lorg/w3c/dom/NamedNodeMap; @ 8
Event: 7.383 Thread 0x000000001fbf7800 Uncommon trap: reason=unstable_if action=reinterpret pc=0x0000000003e89878 method=com.android.utils.XmlUtils.toXmlAttributeValue(Ljava/lang/String;)Ljava/lang/String; @ 33
Event: 7.393 Thread 0x000000001fbf7800 Uncommon trap: reason=unstable_if action=reinterpret pc=0x0000000003efcf80 method=sun.nio.cs.UTF_8$Encoder.encodeArrayLoop(Ljava/nio/CharBuffer;Ljava/nio/ByteBuffer;)Ljava/nio/charset/CoderResult; @ 175
Event: 7.504 Thread 0x0000000023469000 Uncommon trap: reason=unstable_if action=reinterpret pc=0x0000000002c8d248 method=com.google.common.collect.MapMakerInternalMap$Segment.drainKeyReferenceQueue(Ljava/lang/ref/ReferenceQueue;)V @ 8
Event: 7.506 Thread 0x000000001fbf8000 Uncommon trap: reason=unstable_if action=reinterpret pc=0x0000000002e7f868 method=com.google.common.collect.MapMakerInternalMap$Segment.drainKeyReferenceQueue(Ljava/lang/ref/ReferenceQueue;)V @ 8

Classes redefined (0 events):
No events

Internal exceptions (10 events):
Event: 6.400 Thread 0x000000001c323000 Exception <a 'java/lang/NoSuchMethodError': java.lang.Object.lambda$flatMap$0(Ljava/lang/Throwable;)Lorg/gradle/api/internal/artifacts/transform/CacheableInvocation;> (0x00000000db143900) thrown at [C:\src\AOSP-openjdk-git\hotspot\src\share\vm\interpreter
Event: 7.036 Thread 0x000000001fbf7800 Exception <a 'java/lang/NoSuchMethodError': java.lang.Object.lambda$codePoints$1()Ljava/util/Spliterator$OfInt;> (0x00000000e1988b10) thrown at [C:\src\AOSP-openjdk-git\hotspot\src\share\vm\interpreter\linkResolver.cpp, line 620]
Event: 7.044 Thread 0x000000001fbf7800 Implicit null exception at 0x0000000003e1aad0 to 0x0000000003e1bd89
Event: 7.117 Thread 0x000000001fbf7800 Implicit null exception at 0x0000000003e565d7 to 0x0000000003e5691d
Event: 7.454 Thread 0x000000001fbf7800 Exception <a 'java/lang/NoSuchMethodError': <clinit>> (0x00000000d66e7948) thrown at [C:\src\AOSP-openjdk-git\hotspot\src\share\vm\prims\jni.cpp, line 1615]
Event: 7.455 Thread 0x000000001fbf7800 Exception <a 'java/lang/NoSuchMethodError': <clinit>> (0x00000000d66f82c8) thrown at [C:\src\AOSP-openjdk-git\hotspot\src\share\vm\prims\jni.cpp, line 1615]
Event: 7.456 Thread 0x000000001fbf7800 Exception <a 'java/lang/NoSuchMethodError': <clinit>> (0x00000000d67086e8) thrown at [C:\src\AOSP-openjdk-git\hotspot\src\share\vm\prims\jni.cpp, line 1615]
Event: 7.457 Thread 0x000000001fbf7800 Exception <a 'java/lang/NoSuchMethodError': <clinit>> (0x00000000d671bf40) thrown at [C:\src\AOSP-openjdk-git\hotspot\src\share\vm\prims\jni.cpp, line 1615]
Event: 7.461 Thread 0x000000001fbf7800 Exception <a 'java/lang/NoSuchMethodError': <clinit>> (0x00000000d6796ce0) thrown at [C:\src\AOSP-openjdk-git\hotspot\src\share\vm\prims\jni.cpp, line 1615]
Event: 7.509 Thread 0x000000001fbf8000 Exception <a 'java/lang/NoSuchMethodError': <clinit>> (0x00000000d6db0870) thrown at [C:\src\AOSP-openjdk-git\hotspot\src\share\vm\prims\jni.cpp, line 1615]

Events (10 events):
Event: 7.522 Thread 0x0000000023474800 Thread added: 0x0000000023474800
Event: 7.523 Thread 0x0000000023475000 Thread added: 0x0000000023475000
Event: 7.525 Thread 0x0000000023476000 Thread added: 0x0000000023476000
Event: 7.525 Thread 0x0000000023472000 Thread added: 0x0000000023472000
Event: 7.533 Thread 0x0000000023476800 Thread added: 0x0000000023476800
Event: 7.533 Thread 0x0000000023473000 Thread added: 0x0000000023473000
Event: 7.537 loading class com/android/build/gradle/tasks/ProcessApplicationManifest$optionalFeaturesString$1
Event: 7.537 loading class com/android/build/gradle/tasks/ProcessApplicationManifest$optionalFeaturesString$1 done
Event: 7.541 Thread 0x0000000023477800 Thread added: 0x0000000023477800
Event: 7.541 Thread 0x0000000023473800 Thread added: 0x0000000023473800


Dynamic libraries:
0x00007ff7fcaa0000 - 0x00007ff7fcad1000 	C:\Program Files\Android\Android Studio\jre\bin\java.exe
0x00007ffecf4a0000 - 0x00007ffecf6a7000 	C:\WINDOWS\SYSTEM32\ntdll.dll
0x00007ffecebd0000 - 0x00007ffecec8d000 	C:\WINDOWS\System32\KERNEL32.DLL
0x00007ffeccb70000 - 0x00007ffeccee4000 	C:\WINDOWS\System32\KERNELBASE.dll
0x00007ffecd700000 - 0x00007ffecd7ac000 	C:\WINDOWS\System32\ADVAPI32.dll
0x00007ffeceac0000 - 0x00007ffeceb63000 	C:\WINDOWS\System32\msvcrt.dll
0x00007ffecf3c0000 - 0x00007ffecf45d000 	C:\WINDOWS\System32\sechost.dll
0x00007ffece990000 - 0x00007ffeceab1000 	C:\WINDOWS\System32\RPCRT4.dll
0x00007ffecd330000 - 0x00007ffecd4dc000 	C:\WINDOWS\System32\USER32.dll
0x00007ffecc980000 - 0x00007ffecc9a6000 	C:\WINDOWS\System32\win32u.dll
0x00007ffececa0000 - 0x00007ffececc9000 	C:\WINDOWS\System32\GDI32.dll
0x00007ffecd0d0000 - 0x00007ffecd1e2000 	C:\WINDOWS\System32\gdi32full.dll
0x00007ffecc9b0000 - 0x00007ffecca4d000 	C:\WINDOWS\System32\msvcp_win.dll
0x00007ffecca50000 - 0x00007ffeccb61000 	C:\WINDOWS\System32\ucrtbase.dll
0x00007ffeb8190000 - 0x00007ffeb8435000 	C:\WINDOWS\WinSxS\amd64_microsoft.windows.common-controls_6595b64144ccf1df_6.0.22000.120_none_9d947278b86cc467\COMCTL32.dll
0x00007ffece860000 - 0x00007ffece891000 	C:\WINDOWS\System32\IMM32.DLL
0x0000000068520000 - 0x00000000685f2000 	C:\Program Files\Android\Android Studio\jre\jre\bin\msvcr100.dll
0x00000000686e0000 - 0x0000000068f2b000 	C:\Program Files\Android\Android Studio\jre\jre\bin\server\jvm.dll
0x00007ffecef40000 - 0x00007ffecef48000 	C:\WINDOWS\System32\PSAPI.DLL
0x00007ffec6730000 - 0x00007ffec6763000 	C:\WINDOWS\SYSTEM32\WINMM.dll
0x00007ffec7df0000 - 0x00007ffec7df9000 	C:\WINDOWS\SYSTEM32\WSOCK32.dll
0x00007ffec3900000 - 0x00007ffec390a000 	C:\WINDOWS\SYSTEM32\VERSION.dll
0x00007ffeceed0000 - 0x00007ffecef3f000 	C:\WINDOWS\System32\WS2_32.dll
0x00007ffec7de0000 - 0x00007ffec7def000 	C:\Program Files\Android\Android Studio\jre\jre\bin\verify.dll
0x00007ffec3770000 - 0x00007ffec3799000 	C:\Program Files\Android\Android Studio\jre\jre\bin\java.dll
0x00007ffec6e10000 - 0x00007ffec6e26000 	C:\Program Files\Android\Android Studio\jre\jre\bin\zip.dll
0x00007ffece0b0000 - 0x00007ffece85a000 	C:\WINDOWS\System32\SHELL32.dll
0x00007ffecab20000 - 0x00007ffecb382000 	C:\WINDOWS\SYSTEM32\windows.storage.dll
0x00007ffecdc80000 - 0x00007ffecdff8000 	C:\WINDOWS\System32\combase.dll
0x00007ffeca9b0000 - 0x00007ffecab16000 	C:\WINDOWS\SYSTEM32\wintypes.dll
0x00007ffece8a0000 - 0x00007ffece98a000 	C:\WINDOWS\System32\SHCORE.dll
0x00007ffecdc20000 - 0x00007ffecdc7d000 	C:\WINDOWS\System32\shlwapi.dll
0x00007ffecc8b0000 - 0x00007ffecc8d1000 	C:\WINDOWS\SYSTEM32\profapi.dll
0x00007ffec3380000 - 0x00007ffec339a000 	C:\Program Files\Android\Android Studio\jre\jre\bin\net.dll
0x00007ffecbfa0000 - 0x00007ffecc007000 	C:\WINDOWS\system32\mswsock.dll
0x00007ffeaedf0000 - 0x00007ffeaee03000 	C:\Program Files\Android\Android Studio\jre\jre\bin\nio.dll
0x00007ffe985a0000 - 0x00007ffe985c7000 	C:\Users\Alex\.gradle\native\f6784746aeab05261644944871eae4fe03e0ef1612fff0a4a95f87b438bc6780\windows-amd64\native-platform.dll
0x00007ffec76a0000 - 0x00007ffec76ad000 	C:\Program Files\Android\Android Studio\jre\jre\bin\management.dll
0x00007ffecc1e0000 - 0x00007ffecc1f8000 	C:\WINDOWS\SYSTEM32\CRYPTSP.dll
0x00007ffecba70000 - 0x00007ffecbaa5000 	C:\WINDOWS\system32\rsaenh.dll
0x00007ffecc090000 - 0x00007ffecc0b9000 	C:\WINDOWS\SYSTEM32\USERENV.dll
0x00007ffecc360000 - 0x00007ffecc387000 	C:\WINDOWS\SYSTEM32\bcrypt.dll
0x00007ffecd2b0000 - 0x00007ffecd330000 	C:\WINDOWS\System32\bcryptprimitives.dll
0x00007ffecc200000 - 0x00007ffecc20c000 	C:\WINDOWS\SYSTEM32\CRYPTBASE.dll
0x00007ffecb650000 - 0x00007ffecb67d000 	C:\WINDOWS\SYSTEM32\IPHLPAPI.DLL
0x00007ffecd5d0000 - 0x00007ffecd5d9000 	C:\WINDOWS\System32\NSI.dll
0x00007ffec6960000 - 0x00007ffec6979000 	C:\WINDOWS\SYSTEM32\dhcpcsvc6.DLL
0x00007ffec6ff0000 - 0x00007ffec700e000 	C:\WINDOWS\SYSTEM32\dhcpcsvc.DLL
0x00007ffecb6c0000 - 0x00007ffecb7a7000 	C:\WINDOWS\SYSTEM32\DNSAPI.dll
0x00007ffec6640000 - 0x00007ffec664c000 	C:\WINDOWS\SYSTEM32\WINNSI.DLL

VM Arguments:
jvm_args: -Xmx2048m -Dfile.encoding=UTF-8 -Duser.country=RU -Duser.language=ru -Duser.variant 
java_command: org.gradle.launcher.daemon.bootstrap.GradleDaemon 6.5
java_class_path (initial): C:\Users\Alex\.gradle\wrapper\dists\gradle-6.5-bin\6nifqtx7604sqp1q6g8wikw7p\gradle-6.5\lib\gradle-launcher-6.5.jar
Launcher Type: SUN_STANDARD

Environment Variables:
PATH=C:\Program Files (x86)\Common Files\Oracle\Java\javapath;C:\WINDOWS\system32;C:\WINDOWS;C:\WINDOWS\System32\Wbem;C:\WINDOWS\System32\WindowsPowerShell\v1.0\;C:\WINDOWS\System32\OpenSSH\;C:\Program Files\Git\cmd;C:\Users\Alex\AppData\Local\Microsoft\WindowsApps;C:\Users\Alex\AppData\Local\Programs\Microsoft VS Code\bin;C:\flutter\bin;
USERNAME=Alex
OS=Windows_NT
PROCESSOR_IDENTIFIER=Intel64 Family 6 Model 158 Stepping 10, GenuineIntel



---------------  S Y S T E M  ---------------

OS: Windows 10.0 , 64 bit Build 22000 (10.0.22000.318)

CPU:total 8 (initial active 8) (4 cores per cpu, 2 threads per core) family 6 model 158 stepping 10, cmov, cx8, fxsr, mmx, sse, sse2, sse3, ssse3, sse4.1, sse4.2, popcnt, avx, avx2, aes, clmul, erms, 3dnowpref, lzcnt, ht, tsc, tscinvbit, bmi1, bmi2, adx

Memory: 4k page, physical 8227124k(1397972k free), swap 9046324k(3056k free)

vm_info: OpenJDK 64-Bit Server VM (25.242-b01) for windows-amd64 JRE (1.8.0_242-release-1644-b01), built by "builder" with MS VC++ 10.0 (VS2010)

time: Mon Dec 13 21:26:51 2021
timezone: Финляндия (зима)
elapsed time: 7 seconds (0d 0h 0m 7s)

